DEB [20190827-16:50:09.556] thr=1   paramiko.transport: starting thread (client mode): 0x6abcecf8
DEB [20190827-16:50:09.557] thr=1   paramiko.transport: Local version/idstring: SSH-2.0-paramiko_2.6.0
DEB [20190827-16:50:09.557] thr=1   paramiko.transport: Remote version/idstring: SSH-2.0-OpenSSH_6.6.1
INF [20190827-16:50:09.557] thr=1   paramiko.transport: Connected (version 2.0, client OpenSSH_6.6.1)
DEB [20190827-16:50:09.560] thr=1   paramiko.transport: kex algos:['curve25519-sha256@libssh.org', 'ecdh-sha2-nistp256', 'ecdh-sha2-nistp384', 'ecdh-sha2-nistp521', 'diffie-hellman-group-exchange-sha256', 'diffie-hellman-group-exchange-sha1', 'diffie-hellman-group14-sha1', 'diffie-hellman-group1-sha1'] server key:['ssh-rsa', 'ecdsa-sha2-nistp256', 'ssh-ed25519'] client encrypt:['aes128-ctr', 'aes192-ctr', 'aes256-ctr', 'arcfour256', 'arcfour128', 'aes128-gcm@openssh.com', 'aes256-gcm@openssh.com', 'chacha20-poly1305@openssh.com', 'aes128-cbc', '3des-cbc', 'blowfish-cbc', 'cast128-cbc', 'aes192-cbc', 'aes256-cbc', 'arcfour', 'rijndael-cbc@lysator.liu.se'] server encrypt:['aes128-ctr', 'aes192-ctr', 'aes256-ctr', 'arcfour256', 'arcfour128', 'aes128-gcm@openssh.com', 'aes256-gcm@openssh.com', 'chacha20-poly1305@openssh.com', 'aes128-cbc', '3des-cbc', 'blowfish-cbc', 'cast128-cbc', 'aes192-cbc', 'aes256-cbc', 'arcfour', 'rijndael-cbc@lysator.liu.se'] client mac:['hmac-md5-etm@openssh.com', 'hmac-sha1-etm@openssh.com', 'umac-64-etm@openssh.com', 'umac-128-etm@openssh.com', 'hmac-sha2-256-etm@openssh.com', 'hmac-sha2-512-etm@openssh.com', 'hmac-ripemd160-etm@openssh.com', 'hmac-sha1-96-etm@openssh.com', 'hmac-md5-96-etm@openssh.com', 'hmac-md5', 'hmac-sha1', 'umac-64@openssh.com', 'umac-128@openssh.com', 'hmac-sha2-256', 'hmac-sha2-512', 'hmac-ripemd160', 'hmac-ripemd160@openssh.com', 'hmac-sha1-96', 'hmac-md5-96'] server mac:['hmac-md5-etm@openssh.com', 'hmac-sha1-etm@openssh.com', 'umac-64-etm@openssh.com', 'umac-128-etm@openssh.com', 'hmac-sha2-256-etm@openssh.com', 'hmac-sha2-512-etm@openssh.com', 'hmac-ripemd160-etm@openssh.com', 'hmac-sha1-96-etm@openssh.com', 'hmac-md5-96-etm@openssh.com', 'hmac-md5', 'hmac-sha1', 'umac-64@openssh.com', 'umac-128@openssh.com', 'hmac-sha2-256', 'hmac-sha2-512', 'hmac-ripemd160', 'hmac-ripemd160@openssh.com', 'hmac-sha1-96', 'hmac-md5-96'] client compress:['none', 'zlib@openssh.com'] server compress:['none', 'zlib@openssh.com'] client lang:[''] server lang:[''] kex follows?False
DEB [20190827-16:50:09.561] thr=1   paramiko.transport: Kex agreed: curve25519-sha256@libssh.org
DEB [20190827-16:50:09.561] thr=1   paramiko.transport: HostKey agreed: ssh-ed25519
DEB [20190827-16:50:09.562] thr=1   paramiko.transport: Cipher agreed: aes128-ctr
DEB [20190827-16:50:09.562] thr=1   paramiko.transport: MAC agreed: hmac-sha2-256
DEB [20190827-16:50:09.562] thr=1   paramiko.transport: Compression agreed: none
DEB [20190827-16:50:09.610] thr=1   paramiko.transport: kex engine KexCurve25519 specified hash_algo <built-in function openssl_sha256>
DEB [20190827-16:50:09.611] thr=1   paramiko.transport: Switch to new keys ...
DEB [20190827-16:50:09.611] thr=2   paramiko.transport: Adding ssh-ed25519 host key for 172.16.0.220: b'ed49b03584b4723770110b26a1199945'
DEB [20190827-16:50:09.612] thr=2   paramiko.transport: Trying SSH key b'0ad6b054f28b766c5a337712a1ec609c'
DEB [20190827-16:50:09.652] thr=1   paramiko.transport: userauth is OK
INF [20190827-16:50:09.668] thr=1   paramiko.transport: Authentication (publickey) failed.
DEB [20190827-16:50:09.684] thr=1   paramiko.transport: EOF in transport thread
DEB [20190827-16:56:26.076] thr=1   paramiko.transport: starting thread (client mode): 0xde5eecc0
DEB [20190827-16:56:26.077] thr=1   paramiko.transport: Local version/idstring: SSH-2.0-paramiko_2.6.0
DEB [20190827-16:56:26.088] thr=1   paramiko.transport: Remote version/idstring: SSH-2.0-OpenSSH_6.6.1
INF [20190827-16:56:26.088] thr=1   paramiko.transport: Connected (version 2.0, client OpenSSH_6.6.1)
DEB [20190827-16:56:26.090] thr=1   paramiko.transport: kex algos:['curve25519-sha256@libssh.org', 'ecdh-sha2-nistp256', 'ecdh-sha2-nistp384', 'ecdh-sha2-nistp521', 'diffie-hellman-group-exchange-sha256', 'diffie-hellman-group-exchange-sha1', 'diffie-hellman-group14-sha1', 'diffie-hellman-group1-sha1'] server key:['ssh-rsa', 'ecdsa-sha2-nistp256', 'ssh-ed25519'] client encrypt:['aes128-ctr', 'aes192-ctr', 'aes256-ctr', 'arcfour256', 'arcfour128', 'aes128-gcm@openssh.com', 'aes256-gcm@openssh.com', 'chacha20-poly1305@openssh.com', 'aes128-cbc', '3des-cbc', 'blowfish-cbc', 'cast128-cbc', 'aes192-cbc', 'aes256-cbc', 'arcfour', 'rijndael-cbc@lysator.liu.se'] server encrypt:['aes128-ctr', 'aes192-ctr', 'aes256-ctr', 'arcfour256', 'arcfour128', 'aes128-gcm@openssh.com', 'aes256-gcm@openssh.com', 'chacha20-poly1305@openssh.com', 'aes128-cbc', '3des-cbc', 'blowfish-cbc', 'cast128-cbc', 'aes192-cbc', 'aes256-cbc', 'arcfour', 'rijndael-cbc@lysator.liu.se'] client mac:['hmac-md5-etm@openssh.com', 'hmac-sha1-etm@openssh.com', 'umac-64-etm@openssh.com', 'umac-128-etm@openssh.com', 'hmac-sha2-256-etm@openssh.com', 'hmac-sha2-512-etm@openssh.com', 'hmac-ripemd160-etm@openssh.com', 'hmac-sha1-96-etm@openssh.com', 'hmac-md5-96-etm@openssh.com', 'hmac-md5', 'hmac-sha1', 'umac-64@openssh.com', 'umac-128@openssh.com', 'hmac-sha2-256', 'hmac-sha2-512', 'hmac-ripemd160', 'hmac-ripemd160@openssh.com', 'hmac-sha1-96', 'hmac-md5-96'] server mac:['hmac-md5-etm@openssh.com', 'hmac-sha1-etm@openssh.com', 'umac-64-etm@openssh.com', 'umac-128-etm@openssh.com', 'hmac-sha2-256-etm@openssh.com', 'hmac-sha2-512-etm@openssh.com', 'hmac-ripemd160-etm@openssh.com', 'hmac-sha1-96-etm@openssh.com', 'hmac-md5-96-etm@openssh.com', 'hmac-md5', 'hmac-sha1', 'umac-64@openssh.com', 'umac-128@openssh.com', 'hmac-sha2-256', 'hmac-sha2-512', 'hmac-ripemd160', 'hmac-ripemd160@openssh.com', 'hmac-sha1-96', 'hmac-md5-96'] client compress:['none', 'zlib@openssh.com'] server compress:['none', 'zlib@openssh.com'] client lang:[''] server lang:[''] kex follows?False
DEB [20190827-16:56:26.090] thr=1   paramiko.transport: Kex agreed: curve25519-sha256@libssh.org
DEB [20190827-16:56:26.091] thr=1   paramiko.transport: HostKey agreed: ssh-ed25519
DEB [20190827-16:56:26.091] thr=1   paramiko.transport: Cipher agreed: aes128-ctr
DEB [20190827-16:56:26.091] thr=1   paramiko.transport: MAC agreed: hmac-sha2-256
DEB [20190827-16:56:26.091] thr=1   paramiko.transport: Compression agreed: none
DEB [20190827-16:56:26.106] thr=1   paramiko.transport: kex engine KexCurve25519 specified hash_algo <built-in function openssl_sha256>
DEB [20190827-16:56:26.106] thr=1   paramiko.transport: Switch to new keys ...
DEB [20190827-16:56:26.107] thr=2   paramiko.transport: Adding ssh-ed25519 host key for 172.16.0.220: b'ed49b03584b4723770110b26a1199945'
DEB [20190827-16:56:26.108] thr=2   paramiko.transport: Trying SSH key b'0ad6b054f28b766c5a337712a1ec609c'
DEB [20190827-16:56:26.147] thr=1   paramiko.transport: userauth is OK
INF [20190827-16:56:26.162] thr=1   paramiko.transport: Authentication (publickey) failed.
DEB [20190827-16:56:26.175] thr=1   paramiko.transport: EOF in transport thread
DEB [20190827-16:58:49.556] thr=1   paramiko.transport: starting thread (client mode): 0xf9b7dd68
DEB [20190827-16:58:49.556] thr=1   paramiko.transport: Local version/idstring: SSH-2.0-paramiko_2.6.0
DEB [20190827-16:58:49.569] thr=1   paramiko.transport: Remote version/idstring: SSH-2.0-OpenSSH_6.6.1
INF [20190827-16:58:49.570] thr=1   paramiko.transport: Connected (version 2.0, client OpenSSH_6.6.1)
DEB [20190827-16:58:49.572] thr=1   paramiko.transport: kex algos:['curve25519-sha256@libssh.org', 'ecdh-sha2-nistp256', 'ecdh-sha2-nistp384', 'ecdh-sha2-nistp521', 'diffie-hellman-group-exchange-sha256', 'diffie-hellman-group-exchange-sha1', 'diffie-hellman-group14-sha1', 'diffie-hellman-group1-sha1'] server key:['ssh-rsa', 'ecdsa-sha2-nistp256', 'ssh-ed25519'] client encrypt:['aes128-ctr', 'aes192-ctr', 'aes256-ctr', 'arcfour256', 'arcfour128', 'aes128-gcm@openssh.com', 'aes256-gcm@openssh.com', 'chacha20-poly1305@openssh.com', 'aes128-cbc', '3des-cbc', 'blowfish-cbc', 'cast128-cbc', 'aes192-cbc', 'aes256-cbc', 'arcfour', 'rijndael-cbc@lysator.liu.se'] server encrypt:['aes128-ctr', 'aes192-ctr', 'aes256-ctr', 'arcfour256', 'arcfour128', 'aes128-gcm@openssh.com', 'aes256-gcm@openssh.com', 'chacha20-poly1305@openssh.com', 'aes128-cbc', '3des-cbc', 'blowfish-cbc', 'cast128-cbc', 'aes192-cbc', 'aes256-cbc', 'arcfour', 'rijndael-cbc@lysator.liu.se'] client mac:['hmac-md5-etm@openssh.com', 'hmac-sha1-etm@openssh.com', 'umac-64-etm@openssh.com', 'umac-128-etm@openssh.com', 'hmac-sha2-256-etm@openssh.com', 'hmac-sha2-512-etm@openssh.com', 'hmac-ripemd160-etm@openssh.com', 'hmac-sha1-96-etm@openssh.com', 'hmac-md5-96-etm@openssh.com', 'hmac-md5', 'hmac-sha1', 'umac-64@openssh.com', 'umac-128@openssh.com', 'hmac-sha2-256', 'hmac-sha2-512', 'hmac-ripemd160', 'hmac-ripemd160@openssh.com', 'hmac-sha1-96', 'hmac-md5-96'] server mac:['hmac-md5-etm@openssh.com', 'hmac-sha1-etm@openssh.com', 'umac-64-etm@openssh.com', 'umac-128-etm@openssh.com', 'hmac-sha2-256-etm@openssh.com', 'hmac-sha2-512-etm@openssh.com', 'hmac-ripemd160-etm@openssh.com', 'hmac-sha1-96-etm@openssh.com', 'hmac-md5-96-etm@openssh.com', 'hmac-md5', 'hmac-sha1', 'umac-64@openssh.com', 'umac-128@openssh.com', 'hmac-sha2-256', 'hmac-sha2-512', 'hmac-ripemd160', 'hmac-ripemd160@openssh.com', 'hmac-sha1-96', 'hmac-md5-96'] client compress:['none', 'zlib@openssh.com'] server compress:['none', 'zlib@openssh.com'] client lang:[''] server lang:[''] kex follows?False
DEB [20190827-16:58:49.572] thr=1   paramiko.transport: Kex agreed: curve25519-sha256@libssh.org
DEB [20190827-16:58:49.572] thr=1   paramiko.transport: HostKey agreed: ssh-ed25519
DEB [20190827-16:58:49.572] thr=1   paramiko.transport: Cipher agreed: aes128-ctr
DEB [20190827-16:58:49.572] thr=1   paramiko.transport: MAC agreed: hmac-sha2-256
DEB [20190827-16:58:49.572] thr=1   paramiko.transport: Compression agreed: none
DEB [20190827-16:58:49.587] thr=1   paramiko.transport: kex engine KexCurve25519 specified hash_algo <built-in function openssl_sha256>
DEB [20190827-16:58:49.588] thr=1   paramiko.transport: Switch to new keys ...
DEB [20190827-16:58:49.588] thr=2   paramiko.transport: Adding ssh-ed25519 host key for 172.16.0.220: b'ed49b03584b4723770110b26a1199945'
DEB [20190827-16:58:49.589] thr=2   paramiko.transport: Trying SSH key b'0ad6b054f28b766c5a337712a1ec609c'
DEB [20190827-16:58:49.628] thr=1   paramiko.transport: userauth is OK
INF [20190827-16:58:49.643] thr=1   paramiko.transport: Authentication (publickey) failed.
DEB [20190827-16:58:49.657] thr=1   paramiko.transport: EOF in transport thread
DEB [20190827-17:02:39.734] thr=1   paramiko.transport: starting thread (client mode): 0x47bfe438
DEB [20190827-17:02:39.735] thr=1   paramiko.transport: Local version/idstring: SSH-2.0-paramiko_2.6.0
DEB [20190827-17:02:39.735] thr=1   paramiko.transport: Remote version/idstring: SSH-2.0-OpenSSH_6.6.1
INF [20190827-17:02:39.735] thr=1   paramiko.transport: Connected (version 2.0, client OpenSSH_6.6.1)
DEB [20190827-17:02:39.771] thr=1   paramiko.transport: kex algos:['curve25519-sha256@libssh.org', 'ecdh-sha2-nistp256', 'ecdh-sha2-nistp384', 'ecdh-sha2-nistp521', 'diffie-hellman-group-exchange-sha256', 'diffie-hellman-group-exchange-sha1', 'diffie-hellman-group14-sha1', 'diffie-hellman-group1-sha1'] server key:['ssh-rsa', 'ecdsa-sha2-nistp256', 'ssh-ed25519'] client encrypt:['aes128-ctr', 'aes192-ctr', 'aes256-ctr', 'arcfour256', 'arcfour128', 'aes128-gcm@openssh.com', 'aes256-gcm@openssh.com', 'chacha20-poly1305@openssh.com', 'aes128-cbc', '3des-cbc', 'blowfish-cbc', 'cast128-cbc', 'aes192-cbc', 'aes256-cbc', 'arcfour', 'rijndael-cbc@lysator.liu.se'] server encrypt:['aes128-ctr', 'aes192-ctr', 'aes256-ctr', 'arcfour256', 'arcfour128', 'aes128-gcm@openssh.com', 'aes256-gcm@openssh.com', 'chacha20-poly1305@openssh.com', 'aes128-cbc', '3des-cbc', 'blowfish-cbc', 'cast128-cbc', 'aes192-cbc', 'aes256-cbc', 'arcfour', 'rijndael-cbc@lysator.liu.se'] client mac:['hmac-md5-etm@openssh.com', 'hmac-sha1-etm@openssh.com', 'umac-64-etm@openssh.com', 'umac-128-etm@openssh.com', 'hmac-sha2-256-etm@openssh.com', 'hmac-sha2-512-etm@openssh.com', 'hmac-ripemd160-etm@openssh.com', 'hmac-sha1-96-etm@openssh.com', 'hmac-md5-96-etm@openssh.com', 'hmac-md5', 'hmac-sha1', 'umac-64@openssh.com', 'umac-128@openssh.com', 'hmac-sha2-256', 'hmac-sha2-512', 'hmac-ripemd160', 'hmac-ripemd160@openssh.com', 'hmac-sha1-96', 'hmac-md5-96'] server mac:['hmac-md5-etm@openssh.com', 'hmac-sha1-etm@openssh.com', 'umac-64-etm@openssh.com', 'umac-128-etm@openssh.com', 'hmac-sha2-256-etm@openssh.com', 'hmac-sha2-512-etm@openssh.com', 'hmac-ripemd160-etm@openssh.com', 'hmac-sha1-96-etm@openssh.com', 'hmac-md5-96-etm@openssh.com', 'hmac-md5', 'hmac-sha1', 'umac-64@openssh.com', 'umac-128@openssh.com', 'hmac-sha2-256', 'hmac-sha2-512', 'hmac-ripemd160', 'hmac-ripemd160@openssh.com', 'hmac-sha1-96', 'hmac-md5-96'] client compress:['none', 'zlib@openssh.com'] server compress:['none', 'zlib@openssh.com'] client lang:[''] server lang:[''] kex follows?False
DEB [20190827-17:02:39.771] thr=1   paramiko.transport: Kex agreed: curve25519-sha256@libssh.org
DEB [20190827-17:02:39.771] thr=1   paramiko.transport: HostKey agreed: ssh-ed25519
DEB [20190827-17:02:39.771] thr=1   paramiko.transport: Cipher agreed: aes128-ctr
DEB [20190827-17:02:39.772] thr=1   paramiko.transport: MAC agreed: hmac-sha2-256
DEB [20190827-17:02:39.772] thr=1   paramiko.transport: Compression agreed: none
DEB [20190827-17:02:39.822] thr=1   paramiko.transport: kex engine KexCurve25519 specified hash_algo <built-in function openssl_sha256>
DEB [20190827-17:02:39.822] thr=1   paramiko.transport: Switch to new keys ...
DEB [20190827-17:02:39.824] thr=2   paramiko.transport: Adding ssh-ed25519 host key for 172.16.0.220: b'ed49b03584b4723770110b26a1199945'
DEB [20190827-17:02:39.825] thr=2   paramiko.transport: Trying SSH key b'0ad6b054f28b766c5a337712a1ec609c'
DEB [20190827-17:02:39.863] thr=1   paramiko.transport: userauth is OK
INF [20190827-17:02:39.880] thr=1   paramiko.transport: Authentication (publickey) failed.
DEB [20190827-17:02:39.887] thr=1   paramiko.transport: EOF in transport thread
DEB [20190827-17:02:47.451] thr=1   paramiko.transport: starting thread (client mode): 0xf538ed68
DEB [20190827-17:02:47.451] thr=1   paramiko.transport: Local version/idstring: SSH-2.0-paramiko_2.6.0
DEB [20190827-17:02:47.465] thr=1   paramiko.transport: Remote version/idstring: SSH-2.0-OpenSSH_6.6.1
INF [20190827-17:02:47.465] thr=1   paramiko.transport: Connected (version 2.0, client OpenSSH_6.6.1)
DEB [20190827-17:02:47.468] thr=1   paramiko.transport: kex algos:['curve25519-sha256@libssh.org', 'ecdh-sha2-nistp256', 'ecdh-sha2-nistp384', 'ecdh-sha2-nistp521', 'diffie-hellman-group-exchange-sha256', 'diffie-hellman-group-exchange-sha1', 'diffie-hellman-group14-sha1', 'diffie-hellman-group1-sha1'] server key:['ssh-rsa', 'ecdsa-sha2-nistp256', 'ssh-ed25519'] client encrypt:['aes128-ctr', 'aes192-ctr', 'aes256-ctr', 'arcfour256', 'arcfour128', 'aes128-gcm@openssh.com', 'aes256-gcm@openssh.com', 'chacha20-poly1305@openssh.com', 'aes128-cbc', '3des-cbc', 'blowfish-cbc', 'cast128-cbc', 'aes192-cbc', 'aes256-cbc', 'arcfour', 'rijndael-cbc@lysator.liu.se'] server encrypt:['aes128-ctr', 'aes192-ctr', 'aes256-ctr', 'arcfour256', 'arcfour128', 'aes128-gcm@openssh.com', 'aes256-gcm@openssh.com', 'chacha20-poly1305@openssh.com', 'aes128-cbc', '3des-cbc', 'blowfish-cbc', 'cast128-cbc', 'aes192-cbc', 'aes256-cbc', 'arcfour', 'rijndael-cbc@lysator.liu.se'] client mac:['hmac-md5-etm@openssh.com', 'hmac-sha1-etm@openssh.com', 'umac-64-etm@openssh.com', 'umac-128-etm@openssh.com', 'hmac-sha2-256-etm@openssh.com', 'hmac-sha2-512-etm@openssh.com', 'hmac-ripemd160-etm@openssh.com', 'hmac-sha1-96-etm@openssh.com', 'hmac-md5-96-etm@openssh.com', 'hmac-md5', 'hmac-sha1', 'umac-64@openssh.com', 'umac-128@openssh.com', 'hmac-sha2-256', 'hmac-sha2-512', 'hmac-ripemd160', 'hmac-ripemd160@openssh.com', 'hmac-sha1-96', 'hmac-md5-96'] server mac:['hmac-md5-etm@openssh.com', 'hmac-sha1-etm@openssh.com', 'umac-64-etm@openssh.com', 'umac-128-etm@openssh.com', 'hmac-sha2-256-etm@openssh.com', 'hmac-sha2-512-etm@openssh.com', 'hmac-ripemd160-etm@openssh.com', 'hmac-sha1-96-etm@openssh.com', 'hmac-md5-96-etm@openssh.com', 'hmac-md5', 'hmac-sha1', 'umac-64@openssh.com', 'umac-128@openssh.com', 'hmac-sha2-256', 'hmac-sha2-512', 'hmac-ripemd160', 'hmac-ripemd160@openssh.com', 'hmac-sha1-96', 'hmac-md5-96'] client compress:['none', 'zlib@openssh.com'] server compress:['none', 'zlib@openssh.com'] client lang:[''] server lang:[''] kex follows?False
DEB [20190827-17:02:47.468] thr=1   paramiko.transport: Kex agreed: curve25519-sha256@libssh.org
DEB [20190827-17:02:47.468] thr=1   paramiko.transport: HostKey agreed: ssh-ed25519
DEB [20190827-17:02:47.468] thr=1   paramiko.transport: Cipher agreed: aes128-ctr
DEB [20190827-17:02:47.468] thr=1   paramiko.transport: MAC agreed: hmac-sha2-256
DEB [20190827-17:02:47.468] thr=1   paramiko.transport: Compression agreed: none
DEB [20190827-17:02:47.483] thr=1   paramiko.transport: kex engine KexCurve25519 specified hash_algo <built-in function openssl_sha256>
DEB [20190827-17:02:47.483] thr=1   paramiko.transport: Switch to new keys ...
DEB [20190827-17:02:47.484] thr=2   paramiko.transport: Adding ssh-ed25519 host key for 172.16.0.220: b'ed49b03584b4723770110b26a1199945'
DEB [20190827-17:02:47.485] thr=2   paramiko.transport: Trying SSH key b'0ad6b054f28b766c5a337712a1ec609c'
DEB [20190827-17:02:47.523] thr=1   paramiko.transport: userauth is OK
INF [20190827-17:02:47.535] thr=1   paramiko.transport: Authentication (publickey) failed.
DEB [20190827-17:02:47.540] thr=1   paramiko.transport: EOF in transport thread
DEB [20190827-17:12:16.872] thr=1   paramiko.transport: starting thread (client mode): 0x2ef3ecc0
DEB [20190827-17:12:16.872] thr=1   paramiko.transport: Local version/idstring: SSH-2.0-paramiko_2.6.0
DEB [20190827-17:12:16.886] thr=1   paramiko.transport: Remote version/idstring: SSH-2.0-OpenSSH_6.6.1
INF [20190827-17:12:16.886] thr=1   paramiko.transport: Connected (version 2.0, client OpenSSH_6.6.1)
DEB [20190827-17:12:16.888] thr=1   paramiko.transport: kex algos:['curve25519-sha256@libssh.org', 'ecdh-sha2-nistp256', 'ecdh-sha2-nistp384', 'ecdh-sha2-nistp521', 'diffie-hellman-group-exchange-sha256', 'diffie-hellman-group-exchange-sha1', 'diffie-hellman-group14-sha1', 'diffie-hellman-group1-sha1'] server key:['ssh-rsa', 'ecdsa-sha2-nistp256', 'ssh-ed25519'] client encrypt:['aes128-ctr', 'aes192-ctr', 'aes256-ctr', 'arcfour256', 'arcfour128', 'aes128-gcm@openssh.com', 'aes256-gcm@openssh.com', 'chacha20-poly1305@openssh.com', 'aes128-cbc', '3des-cbc', 'blowfish-cbc', 'cast128-cbc', 'aes192-cbc', 'aes256-cbc', 'arcfour', 'rijndael-cbc@lysator.liu.se'] server encrypt:['aes128-ctr', 'aes192-ctr', 'aes256-ctr', 'arcfour256', 'arcfour128', 'aes128-gcm@openssh.com', 'aes256-gcm@openssh.com', 'chacha20-poly1305@openssh.com', 'aes128-cbc', '3des-cbc', 'blowfish-cbc', 'cast128-cbc', 'aes192-cbc', 'aes256-cbc', 'arcfour', 'rijndael-cbc@lysator.liu.se'] client mac:['hmac-md5-etm@openssh.com', 'hmac-sha1-etm@openssh.com', 'umac-64-etm@openssh.com', 'umac-128-etm@openssh.com', 'hmac-sha2-256-etm@openssh.com', 'hmac-sha2-512-etm@openssh.com', 'hmac-ripemd160-etm@openssh.com', 'hmac-sha1-96-etm@openssh.com', 'hmac-md5-96-etm@openssh.com', 'hmac-md5', 'hmac-sha1', 'umac-64@openssh.com', 'umac-128@openssh.com', 'hmac-sha2-256', 'hmac-sha2-512', 'hmac-ripemd160', 'hmac-ripemd160@openssh.com', 'hmac-sha1-96', 'hmac-md5-96'] server mac:['hmac-md5-etm@openssh.com', 'hmac-sha1-etm@openssh.com', 'umac-64-etm@openssh.com', 'umac-128-etm@openssh.com', 'hmac-sha2-256-etm@openssh.com', 'hmac-sha2-512-etm@openssh.com', 'hmac-ripemd160-etm@openssh.com', 'hmac-sha1-96-etm@openssh.com', 'hmac-md5-96-etm@openssh.com', 'hmac-md5', 'hmac-sha1', 'umac-64@openssh.com', 'umac-128@openssh.com', 'hmac-sha2-256', 'hmac-sha2-512', 'hmac-ripemd160', 'hmac-ripemd160@openssh.com', 'hmac-sha1-96', 'hmac-md5-96'] client compress:['none', 'zlib@openssh.com'] server compress:['none', 'zlib@openssh.com'] client lang:[''] server lang:[''] kex follows?False
DEB [20190827-17:12:16.889] thr=1   paramiko.transport: Kex agreed: curve25519-sha256@libssh.org
DEB [20190827-17:12:16.889] thr=1   paramiko.transport: HostKey agreed: ssh-ed25519
DEB [20190827-17:12:16.889] thr=1   paramiko.transport: Cipher agreed: aes128-ctr
DEB [20190827-17:12:16.889] thr=1   paramiko.transport: MAC agreed: hmac-sha2-256
DEB [20190827-17:12:16.890] thr=1   paramiko.transport: Compression agreed: none
DEB [20190827-17:12:16.903] thr=1   paramiko.transport: kex engine KexCurve25519 specified hash_algo <built-in function openssl_sha256>
DEB [20190827-17:12:16.903] thr=1   paramiko.transport: Switch to new keys ...
DEB [20190827-17:12:16.904] thr=2   paramiko.transport: Adding ssh-ed25519 host key for 172.16.0.220: b'ed49b03584b4723770110b26a1199945'
DEB [20190827-17:12:16.904] thr=2   paramiko.transport: Trying SSH key b'0ad6b054f28b766c5a337712a1ec609c'
DEB [20190827-17:12:16.944] thr=1   paramiko.transport: userauth is OK
INF [20190827-17:12:16.957] thr=1   paramiko.transport: Authentication (publickey) failed.
DEB [20190827-17:12:16.963] thr=1   paramiko.transport: EOF in transport thread
DEB [20190827-17:12:26.285] thr=1   paramiko.transport: starting thread (client mode): 0x338add30
DEB [20190827-17:12:26.285] thr=1   paramiko.transport: Local version/idstring: SSH-2.0-paramiko_2.6.0
DEB [20190827-17:12:26.287] thr=1   paramiko.transport: Remote version/idstring: SSH-2.0-OpenSSH_6.6.1
INF [20190827-17:12:26.287] thr=1   paramiko.transport: Connected (version 2.0, client OpenSSH_6.6.1)
DEB [20190827-17:12:26.335] thr=1   paramiko.transport: kex algos:['curve25519-sha256@libssh.org', 'ecdh-sha2-nistp256', 'ecdh-sha2-nistp384', 'ecdh-sha2-nistp521', 'diffie-hellman-group-exchange-sha256', 'diffie-hellman-group-exchange-sha1', 'diffie-hellman-group14-sha1', 'diffie-hellman-group1-sha1'] server key:['ssh-rsa', 'ecdsa-sha2-nistp256', 'ssh-ed25519'] client encrypt:['aes128-ctr', 'aes192-ctr', 'aes256-ctr', 'arcfour256', 'arcfour128', 'aes128-gcm@openssh.com', 'aes256-gcm@openssh.com', 'chacha20-poly1305@openssh.com', 'aes128-cbc', '3des-cbc', 'blowfish-cbc', 'cast128-cbc', 'aes192-cbc', 'aes256-cbc', 'arcfour', 'rijndael-cbc@lysator.liu.se'] server encrypt:['aes128-ctr', 'aes192-ctr', 'aes256-ctr', 'arcfour256', 'arcfour128', 'aes128-gcm@openssh.com', 'aes256-gcm@openssh.com', 'chacha20-poly1305@openssh.com', 'aes128-cbc', '3des-cbc', 'blowfish-cbc', 'cast128-cbc', 'aes192-cbc', 'aes256-cbc', 'arcfour', 'rijndael-cbc@lysator.liu.se'] client mac:['hmac-md5-etm@openssh.com', 'hmac-sha1-etm@openssh.com', 'umac-64-etm@openssh.com', 'umac-128-etm@openssh.com', 'hmac-sha2-256-etm@openssh.com', 'hmac-sha2-512-etm@openssh.com', 'hmac-ripemd160-etm@openssh.com', 'hmac-sha1-96-etm@openssh.com', 'hmac-md5-96-etm@openssh.com', 'hmac-md5', 'hmac-sha1', 'umac-64@openssh.com', 'umac-128@openssh.com', 'hmac-sha2-256', 'hmac-sha2-512', 'hmac-ripemd160', 'hmac-ripemd160@openssh.com', 'hmac-sha1-96', 'hmac-md5-96'] server mac:['hmac-md5-etm@openssh.com', 'hmac-sha1-etm@openssh.com', 'umac-64-etm@openssh.com', 'umac-128-etm@openssh.com', 'hmac-sha2-256-etm@openssh.com', 'hmac-sha2-512-etm@openssh.com', 'hmac-ripemd160-etm@openssh.com', 'hmac-sha1-96-etm@openssh.com', 'hmac-md5-96-etm@openssh.com', 'hmac-md5', 'hmac-sha1', 'umac-64@openssh.com', 'umac-128@openssh.com', 'hmac-sha2-256', 'hmac-sha2-512', 'hmac-ripemd160', 'hmac-ripemd160@openssh.com', 'hmac-sha1-96', 'hmac-md5-96'] client compress:['none', 'zlib@openssh.com'] server compress:['none', 'zlib@openssh.com'] client lang:[''] server lang:[''] kex follows?False
DEB [20190827-17:12:26.335] thr=1   paramiko.transport: Kex agreed: curve25519-sha256@libssh.org
DEB [20190827-17:12:26.335] thr=1   paramiko.transport: HostKey agreed: ssh-ed25519
DEB [20190827-17:12:26.335] thr=1   paramiko.transport: Cipher agreed: aes128-ctr
DEB [20190827-17:12:26.335] thr=1   paramiko.transport: MAC agreed: hmac-sha2-256
DEB [20190827-17:12:26.336] thr=1   paramiko.transport: Compression agreed: none
DEB [20190827-17:12:26.385] thr=1   paramiko.transport: kex engine KexCurve25519 specified hash_algo <built-in function openssl_sha256>
DEB [20190827-17:12:26.385] thr=1   paramiko.transport: Switch to new keys ...
DEB [20190827-17:12:26.389] thr=2   paramiko.transport: Adding ssh-ed25519 host key for 172.16.0.221: b'd7b66cf485ec05340c8d32459de4180d'
DEB [20190827-17:12:26.390] thr=2   paramiko.transport: Trying SSH key b'0ad6b054f28b766c5a337712a1ec609c'
DEB [20190827-17:12:26.425] thr=1   paramiko.transport: userauth is OK
INF [20190827-17:12:26.440] thr=1   paramiko.transport: Authentication (publickey) failed.
DEB [20190827-17:12:26.448] thr=1   paramiko.transport: EOF in transport thread
DEB [20190827-17:12:34.886] thr=1   paramiko.transport: starting thread (client mode): 0xc8aaecf8
DEB [20190827-17:12:34.886] thr=1   paramiko.transport: Local version/idstring: SSH-2.0-paramiko_2.6.0
DEB [20190827-17:12:34.887] thr=1   paramiko.transport: Remote version/idstring: SSH-2.0-OpenSSH_6.6.1
INF [20190827-17:12:34.887] thr=1   paramiko.transport: Connected (version 2.0, client OpenSSH_6.6.1)
DEB [20190827-17:12:34.952] thr=1   paramiko.transport: kex algos:['curve25519-sha256@libssh.org', 'ecdh-sha2-nistp256', 'ecdh-sha2-nistp384', 'ecdh-sha2-nistp521', 'diffie-hellman-group-exchange-sha256', 'diffie-hellman-group-exchange-sha1', 'diffie-hellman-group14-sha1', 'diffie-hellman-group1-sha1'] server key:['ssh-rsa', 'ecdsa-sha2-nistp256', 'ssh-ed25519'] client encrypt:['aes128-ctr', 'aes192-ctr', 'aes256-ctr', 'arcfour256', 'arcfour128', 'aes128-gcm@openssh.com', 'aes256-gcm@openssh.com', 'chacha20-poly1305@openssh.com', 'aes128-cbc', '3des-cbc', 'blowfish-cbc', 'cast128-cbc', 'aes192-cbc', 'aes256-cbc', 'arcfour', 'rijndael-cbc@lysator.liu.se'] server encrypt:['aes128-ctr', 'aes192-ctr', 'aes256-ctr', 'arcfour256', 'arcfour128', 'aes128-gcm@openssh.com', 'aes256-gcm@openssh.com', 'chacha20-poly1305@openssh.com', 'aes128-cbc', '3des-cbc', 'blowfish-cbc', 'cast128-cbc', 'aes192-cbc', 'aes256-cbc', 'arcfour', 'rijndael-cbc@lysator.liu.se'] client mac:['hmac-md5-etm@openssh.com', 'hmac-sha1-etm@openssh.com', 'umac-64-etm@openssh.com', 'umac-128-etm@openssh.com', 'hmac-sha2-256-etm@openssh.com', 'hmac-sha2-512-etm@openssh.com', 'hmac-ripemd160-etm@openssh.com', 'hmac-sha1-96-etm@openssh.com', 'hmac-md5-96-etm@openssh.com', 'hmac-md5', 'hmac-sha1', 'umac-64@openssh.com', 'umac-128@openssh.com', 'hmac-sha2-256', 'hmac-sha2-512', 'hmac-ripemd160', 'hmac-ripemd160@openssh.com', 'hmac-sha1-96', 'hmac-md5-96'] server mac:['hmac-md5-etm@openssh.com', 'hmac-sha1-etm@openssh.com', 'umac-64-etm@openssh.com', 'umac-128-etm@openssh.com', 'hmac-sha2-256-etm@openssh.com', 'hmac-sha2-512-etm@openssh.com', 'hmac-ripemd160-etm@openssh.com', 'hmac-sha1-96-etm@openssh.com', 'hmac-md5-96-etm@openssh.com', 'hmac-md5', 'hmac-sha1', 'umac-64@openssh.com', 'umac-128@openssh.com', 'hmac-sha2-256', 'hmac-sha2-512', 'hmac-ripemd160', 'hmac-ripemd160@openssh.com', 'hmac-sha1-96', 'hmac-md5-96'] client compress:['none', 'zlib@openssh.com'] server compress:['none', 'zlib@openssh.com'] client lang:[''] server lang:[''] kex follows?False
DEB [20190827-17:12:34.952] thr=1   paramiko.transport: Kex agreed: curve25519-sha256@libssh.org
DEB [20190827-17:12:34.952] thr=1   paramiko.transport: HostKey agreed: ssh-ed25519
DEB [20190827-17:12:34.952] thr=1   paramiko.transport: Cipher agreed: aes128-ctr
DEB [20190827-17:12:34.953] thr=1   paramiko.transport: MAC agreed: hmac-sha2-256
DEB [20190827-17:12:34.953] thr=1   paramiko.transport: Compression agreed: none
DEB [20190827-17:12:35.002] thr=1   paramiko.transport: kex engine KexCurve25519 specified hash_algo <built-in function openssl_sha256>
DEB [20190827-17:12:35.003] thr=1   paramiko.transport: Switch to new keys ...
DEB [20190827-17:12:35.003] thr=2   paramiko.transport: Adding ssh-ed25519 host key for 172.16.0.222: b'5f8546c8cc5141bf8e390a606b03b2bd'
DEB [20190827-17:12:35.004] thr=2   paramiko.transport: Trying SSH key b'0ad6b054f28b766c5a337712a1ec609c'
DEB [20190827-17:12:35.043] thr=1   paramiko.transport: userauth is OK
INF [20190827-17:12:35.061] thr=1   paramiko.transport: Authentication (publickey) failed.
DEB [20190827-17:12:35.071] thr=1   paramiko.transport: EOF in transport thread
DEB [20190827-17:12:43.388] thr=1   paramiko.transport: starting thread (client mode): 0x2f5dda0
DEB [20190827-17:12:43.389] thr=1   paramiko.transport: Local version/idstring: SSH-2.0-paramiko_2.6.0
DEB [20190827-17:12:43.390] thr=1   paramiko.transport: Remote version/idstring: SSH-2.0-OpenSSH_7.4
INF [20190827-17:12:43.390] thr=1   paramiko.transport: Connected (version 2.0, client OpenSSH_7.4)
DEB [20190827-17:12:43.455] thr=1   paramiko.transport: kex algos:['curve25519-sha256', 'curve25519-sha256@libssh.org', 'ecdh-sha2-nistp256', 'ecdh-sha2-nistp384', 'ecdh-sha2-nistp521', 'diffie-hellman-group-exchange-sha256', 'diffie-hellman-group16-sha512', 'diffie-hellman-group18-sha512', 'diffie-hellman-group-exchange-sha1', 'diffie-hellman-group14-sha256', 'diffie-hellman-group14-sha1', 'diffie-hellman-group1-sha1'] server key:['ssh-rsa', 'rsa-sha2-512', 'rsa-sha2-256', 'ecdsa-sha2-nistp256', 'ssh-ed25519'] client encrypt:['chacha20-poly1305@openssh.com', 'aes128-ctr', 'aes192-ctr', 'aes256-ctr', 'aes128-gcm@openssh.com', 'aes256-gcm@openssh.com', 'aes128-cbc', 'aes192-cbc', 'aes256-cbc', 'blowfish-cbc', 'cast128-cbc', '3des-cbc'] server encrypt:['chacha20-poly1305@openssh.com', 'aes128-ctr', 'aes192-ctr', 'aes256-ctr', 'aes128-gcm@openssh.com', 'aes256-gcm@openssh.com', 'aes128-cbc', 'aes192-cbc', 'aes256-cbc', 'blowfish-cbc', 'cast128-cbc', '3des-cbc'] client mac:['umac-64-etm@openssh.com', 'umac-128-etm@openssh.com', 'hmac-sha2-256-etm@openssh.com', 'hmac-sha2-512-etm@openssh.com', 'hmac-sha1-etm@openssh.com', 'umac-64@openssh.com', 'umac-128@openssh.com', 'hmac-sha2-256', 'hmac-sha2-512', 'hmac-sha1'] server mac:['umac-64-etm@openssh.com', 'umac-128-etm@openssh.com', 'hmac-sha2-256-etm@openssh.com', 'hmac-sha2-512-etm@openssh.com', 'hmac-sha1-etm@openssh.com', 'umac-64@openssh.com', 'umac-128@openssh.com', 'hmac-sha2-256', 'hmac-sha2-512', 'hmac-sha1'] client compress:['none', 'zlib@openssh.com'] server compress:['none', 'zlib@openssh.com'] client lang:[''] server lang:[''] kex follows?False
DEB [20190827-17:12:43.455] thr=1   paramiko.transport: Kex agreed: curve25519-sha256@libssh.org
DEB [20190827-17:12:43.455] thr=1   paramiko.transport: HostKey agreed: ssh-ed25519
DEB [20190827-17:12:43.455] thr=1   paramiko.transport: Cipher agreed: aes128-ctr
DEB [20190827-17:12:43.455] thr=1   paramiko.transport: MAC agreed: hmac-sha2-256
DEB [20190827-17:12:43.455] thr=1   paramiko.transport: Compression agreed: none
DEB [20190827-17:12:43.508] thr=1   paramiko.transport: kex engine KexCurve25519 specified hash_algo <built-in function openssl_sha256>
DEB [20190827-17:12:43.508] thr=1   paramiko.transport: Switch to new keys ...
DEB [20190827-17:12:43.509] thr=2   paramiko.transport: Adding ssh-ed25519 host key for 172.16.0.33: b'502a8cff0ed5125b3733b7b25b18a79d'
DEB [20190827-17:12:43.510] thr=2   paramiko.transport: Trying SSH key b'0ad6b054f28b766c5a337712a1ec609c'
DEB [20190827-17:12:43.548] thr=1   paramiko.transport: userauth is OK
INF [20190827-17:12:43.567] thr=1   paramiko.transport: Authentication (publickey) failed.
DEB [20190827-17:12:43.578] thr=1   paramiko.transport: EOF in transport thread
DEB [20190827-17:14:10.189] thr=1   paramiko.transport: starting thread (client mode): 0x8960de10
DEB [20190827-17:14:10.190] thr=1   paramiko.transport: Local version/idstring: SSH-2.0-paramiko_2.6.0
DEB [20190827-17:14:10.202] thr=1   paramiko.transport: Remote version/idstring: SSH-2.0-OpenSSH_6.6.1
INF [20190827-17:14:10.202] thr=1   paramiko.transport: Connected (version 2.0, client OpenSSH_6.6.1)
DEB [20190827-17:14:10.204] thr=1   paramiko.transport: kex algos:['curve25519-sha256@libssh.org', 'ecdh-sha2-nistp256', 'ecdh-sha2-nistp384', 'ecdh-sha2-nistp521', 'diffie-hellman-group-exchange-sha256', 'diffie-hellman-group-exchange-sha1', 'diffie-hellman-group14-sha1', 'diffie-hellman-group1-sha1'] server key:['ssh-rsa', 'ecdsa-sha2-nistp256', 'ssh-ed25519'] client encrypt:['aes128-ctr', 'aes192-ctr', 'aes256-ctr', 'arcfour256', 'arcfour128', 'aes128-gcm@openssh.com', 'aes256-gcm@openssh.com', 'chacha20-poly1305@openssh.com', 'aes128-cbc', '3des-cbc', 'blowfish-cbc', 'cast128-cbc', 'aes192-cbc', 'aes256-cbc', 'arcfour', 'rijndael-cbc@lysator.liu.se'] server encrypt:['aes128-ctr', 'aes192-ctr', 'aes256-ctr', 'arcfour256', 'arcfour128', 'aes128-gcm@openssh.com', 'aes256-gcm@openssh.com', 'chacha20-poly1305@openssh.com', 'aes128-cbc', '3des-cbc', 'blowfish-cbc', 'cast128-cbc', 'aes192-cbc', 'aes256-cbc', 'arcfour', 'rijndael-cbc@lysator.liu.se'] client mac:['hmac-md5-etm@openssh.com', 'hmac-sha1-etm@openssh.com', 'umac-64-etm@openssh.com', 'umac-128-etm@openssh.com', 'hmac-sha2-256-etm@openssh.com', 'hmac-sha2-512-etm@openssh.com', 'hmac-ripemd160-etm@openssh.com', 'hmac-sha1-96-etm@openssh.com', 'hmac-md5-96-etm@openssh.com', 'hmac-md5', 'hmac-sha1', 'umac-64@openssh.com', 'umac-128@openssh.com', 'hmac-sha2-256', 'hmac-sha2-512', 'hmac-ripemd160', 'hmac-ripemd160@openssh.com', 'hmac-sha1-96', 'hmac-md5-96'] server mac:['hmac-md5-etm@openssh.com', 'hmac-sha1-etm@openssh.com', 'umac-64-etm@openssh.com', 'umac-128-etm@openssh.com', 'hmac-sha2-256-etm@openssh.com', 'hmac-sha2-512-etm@openssh.com', 'hmac-ripemd160-etm@openssh.com', 'hmac-sha1-96-etm@openssh.com', 'hmac-md5-96-etm@openssh.com', 'hmac-md5', 'hmac-sha1', 'umac-64@openssh.com', 'umac-128@openssh.com', 'hmac-sha2-256', 'hmac-sha2-512', 'hmac-ripemd160', 'hmac-ripemd160@openssh.com', 'hmac-sha1-96', 'hmac-md5-96'] client compress:['none', 'zlib@openssh.com'] server compress:['none', 'zlib@openssh.com'] client lang:[''] server lang:[''] kex follows?False
DEB [20190827-17:14:10.204] thr=1   paramiko.transport: Kex agreed: curve25519-sha256@libssh.org
DEB [20190827-17:14:10.204] thr=1   paramiko.transport: HostKey agreed: ssh-ed25519
DEB [20190827-17:14:10.205] thr=1   paramiko.transport: Cipher agreed: aes128-ctr
DEB [20190827-17:14:10.205] thr=1   paramiko.transport: MAC agreed: hmac-sha2-256
DEB [20190827-17:14:10.205] thr=1   paramiko.transport: Compression agreed: none
DEB [20190827-17:14:10.218] thr=1   paramiko.transport: kex engine KexCurve25519 specified hash_algo <built-in function openssl_sha256>
DEB [20190827-17:14:10.219] thr=1   paramiko.transport: Switch to new keys ...
DEB [20190827-17:14:10.219] thr=2   paramiko.transport: Rejecting ssh-ed25519 host key for 172.16.0.221: b'd7b66cf485ec05340c8d32459de4180d'
DEB [20190827-17:14:10.221] thr=1   paramiko.transport: EOF in transport thread
DEB [20190827-17:14:37.023] thr=1   paramiko.transport: starting thread (client mode): 0x389cec50
DEB [20190827-17:14:37.024] thr=1   paramiko.transport: Local version/idstring: SSH-2.0-paramiko_2.6.0
DEB [20190827-17:14:37.024] thr=1   paramiko.transport: Remote version/idstring: SSH-2.0-OpenSSH_6.6.1
INF [20190827-17:14:37.024] thr=1   paramiko.transport: Connected (version 2.0, client OpenSSH_6.6.1)
DEB [20190827-17:14:37.028] thr=1   paramiko.transport: kex algos:['curve25519-sha256@libssh.org', 'ecdh-sha2-nistp256', 'ecdh-sha2-nistp384', 'ecdh-sha2-nistp521', 'diffie-hellman-group-exchange-sha256', 'diffie-hellman-group-exchange-sha1', 'diffie-hellman-group14-sha1', 'diffie-hellman-group1-sha1'] server key:['ssh-rsa', 'ecdsa-sha2-nistp256', 'ssh-ed25519'] client encrypt:['aes128-ctr', 'aes192-ctr', 'aes256-ctr', 'arcfour256', 'arcfour128', 'aes128-gcm@openssh.com', 'aes256-gcm@openssh.com', 'chacha20-poly1305@openssh.com', 'aes128-cbc', '3des-cbc', 'blowfish-cbc', 'cast128-cbc', 'aes192-cbc', 'aes256-cbc', 'arcfour', 'rijndael-cbc@lysator.liu.se'] server encrypt:['aes128-ctr', 'aes192-ctr', 'aes256-ctr', 'arcfour256', 'arcfour128', 'aes128-gcm@openssh.com', 'aes256-gcm@openssh.com', 'chacha20-poly1305@openssh.com', 'aes128-cbc', '3des-cbc', 'blowfish-cbc', 'cast128-cbc', 'aes192-cbc', 'aes256-cbc', 'arcfour', 'rijndael-cbc@lysator.liu.se'] client mac:['hmac-md5-etm@openssh.com', 'hmac-sha1-etm@openssh.com', 'umac-64-etm@openssh.com', 'umac-128-etm@openssh.com', 'hmac-sha2-256-etm@openssh.com', 'hmac-sha2-512-etm@openssh.com', 'hmac-ripemd160-etm@openssh.com', 'hmac-sha1-96-etm@openssh.com', 'hmac-md5-96-etm@openssh.com', 'hmac-md5', 'hmac-sha1', 'umac-64@openssh.com', 'umac-128@openssh.com', 'hmac-sha2-256', 'hmac-sha2-512', 'hmac-ripemd160', 'hmac-ripemd160@openssh.com', 'hmac-sha1-96', 'hmac-md5-96'] server mac:['hmac-md5-etm@openssh.com', 'hmac-sha1-etm@openssh.com', 'umac-64-etm@openssh.com', 'umac-128-etm@openssh.com', 'hmac-sha2-256-etm@openssh.com', 'hmac-sha2-512-etm@openssh.com', 'hmac-ripemd160-etm@openssh.com', 'hmac-sha1-96-etm@openssh.com', 'hmac-md5-96-etm@openssh.com', 'hmac-md5', 'hmac-sha1', 'umac-64@openssh.com', 'umac-128@openssh.com', 'hmac-sha2-256', 'hmac-sha2-512', 'hmac-ripemd160', 'hmac-ripemd160@openssh.com', 'hmac-sha1-96', 'hmac-md5-96'] client compress:['none', 'zlib@openssh.com'] server compress:['none', 'zlib@openssh.com'] client lang:[''] server lang:[''] kex follows?False
DEB [20190827-17:14:37.029] thr=1   paramiko.transport: Kex agreed: curve25519-sha256@libssh.org
DEB [20190827-17:14:37.029] thr=1   paramiko.transport: HostKey agreed: ssh-ed25519
DEB [20190827-17:14:37.029] thr=1   paramiko.transport: Cipher agreed: aes128-ctr
DEB [20190827-17:14:37.029] thr=1   paramiko.transport: MAC agreed: hmac-sha2-256
DEB [20190827-17:14:37.029] thr=1   paramiko.transport: Compression agreed: none
DEB [20190827-17:14:37.080] thr=1   paramiko.transport: kex engine KexCurve25519 specified hash_algo <built-in function openssl_sha256>
DEB [20190827-17:14:37.080] thr=1   paramiko.transport: Switch to new keys ...
DEB [20190827-17:14:37.083] thr=1   paramiko.transport: EOF in transport thread
DEB [20190827-17:37:32.341] thr=1   paramiko.transport: starting thread (client mode): 0xcdcaec50
DEB [20190827-17:37:32.353] thr=1   paramiko.transport: Local version/idstring: SSH-2.0-paramiko_2.6.0
DEB [20190827-17:37:32.353] thr=1   paramiko.transport: Remote version/idstring: SSH-2.0-OpenSSH_6.6.1
INF [20190827-17:37:32.353] thr=1   paramiko.transport: Connected (version 2.0, client OpenSSH_6.6.1)
DEB [20190827-17:37:32.355] thr=1   paramiko.transport: kex algos:['curve25519-sha256@libssh.org', 'ecdh-sha2-nistp256', 'ecdh-sha2-nistp384', 'ecdh-sha2-nistp521', 'diffie-hellman-group-exchange-sha256', 'diffie-hellman-group-exchange-sha1', 'diffie-hellman-group14-sha1', 'diffie-hellman-group1-sha1'] server key:['ssh-rsa', 'ecdsa-sha2-nistp256', 'ssh-ed25519'] client encrypt:['aes128-ctr', 'aes192-ctr', 'aes256-ctr', 'arcfour256', 'arcfour128', 'aes128-gcm@openssh.com', 'aes256-gcm@openssh.com', 'chacha20-poly1305@openssh.com', 'aes128-cbc', '3des-cbc', 'blowfish-cbc', 'cast128-cbc', 'aes192-cbc', 'aes256-cbc', 'arcfour', 'rijndael-cbc@lysator.liu.se'] server encrypt:['aes128-ctr', 'aes192-ctr', 'aes256-ctr', 'arcfour256', 'arcfour128', 'aes128-gcm@openssh.com', 'aes256-gcm@openssh.com', 'chacha20-poly1305@openssh.com', 'aes128-cbc', '3des-cbc', 'blowfish-cbc', 'cast128-cbc', 'aes192-cbc', 'aes256-cbc', 'arcfour', 'rijndael-cbc@lysator.liu.se'] client mac:['hmac-md5-etm@openssh.com', 'hmac-sha1-etm@openssh.com', 'umac-64-etm@openssh.com', 'umac-128-etm@openssh.com', 'hmac-sha2-256-etm@openssh.com', 'hmac-sha2-512-etm@openssh.com', 'hmac-ripemd160-etm@openssh.com', 'hmac-sha1-96-etm@openssh.com', 'hmac-md5-96-etm@openssh.com', 'hmac-md5', 'hmac-sha1', 'umac-64@openssh.com', 'umac-128@openssh.com', 'hmac-sha2-256', 'hmac-sha2-512', 'hmac-ripemd160', 'hmac-ripemd160@openssh.com', 'hmac-sha1-96', 'hmac-md5-96'] server mac:['hmac-md5-etm@openssh.com', 'hmac-sha1-etm@openssh.com', 'umac-64-etm@openssh.com', 'umac-128-etm@openssh.com', 'hmac-sha2-256-etm@openssh.com', 'hmac-sha2-512-etm@openssh.com', 'hmac-ripemd160-etm@openssh.com', 'hmac-sha1-96-etm@openssh.com', 'hmac-md5-96-etm@openssh.com', 'hmac-md5', 'hmac-sha1', 'umac-64@openssh.com', 'umac-128@openssh.com', 'hmac-sha2-256', 'hmac-sha2-512', 'hmac-ripemd160', 'hmac-ripemd160@openssh.com', 'hmac-sha1-96', 'hmac-md5-96'] client compress:['none', 'zlib@openssh.com'] server compress:['none', 'zlib@openssh.com'] client lang:[''] server lang:[''] kex follows?False
DEB [20190827-17:37:32.356] thr=1   paramiko.transport: Kex agreed: curve25519-sha256@libssh.org
DEB [20190827-17:37:32.356] thr=1   paramiko.transport: HostKey agreed: ssh-ed25519
DEB [20190827-17:37:32.356] thr=1   paramiko.transport: Cipher agreed: aes128-ctr
DEB [20190827-17:37:32.356] thr=1   paramiko.transport: MAC agreed: hmac-sha2-256
DEB [20190827-17:37:32.356] thr=1   paramiko.transport: Compression agreed: none
DEB [20190827-17:37:32.369] thr=1   paramiko.transport: kex engine KexCurve25519 specified hash_algo <built-in function openssl_sha256>
DEB [20190827-17:37:32.370] thr=1   paramiko.transport: Switch to new keys ...
DEB [20190827-17:37:32.370] thr=2   paramiko.transport: Adding ssh-ed25519 host key for 172.16.0.221: b'd7b66cf485ec05340c8d32459de4180d'
DEB [20190827-17:37:32.371] thr=2   paramiko.transport: Trying SSH key b'448a9688bdd5609357d7f577e562f0d6'
DEB [20190827-17:37:32.410] thr=1   paramiko.transport: userauth is OK
INF [20190827-17:37:32.448] thr=1   paramiko.transport: Authentication (publickey) failed.
DEB [20190827-17:37:32.457] thr=1   paramiko.transport: EOF in transport thread
DEB [20190827-17:39:07.167] thr=1   paramiko.transport: starting thread (client mode): 0xc8b0ecf8
DEB [20190827-17:39:07.167] thr=1   paramiko.transport: Local version/idstring: SSH-2.0-paramiko_2.6.0
DEB [20190827-17:39:07.181] thr=1   paramiko.transport: Remote version/idstring: SSH-2.0-OpenSSH_6.6.1
INF [20190827-17:39:07.182] thr=1   paramiko.transport: Connected (version 2.0, client OpenSSH_6.6.1)
DEB [20190827-17:39:07.184] thr=1   paramiko.transport: kex algos:['curve25519-sha256@libssh.org', 'ecdh-sha2-nistp256', 'ecdh-sha2-nistp384', 'ecdh-sha2-nistp521', 'diffie-hellman-group-exchange-sha256', 'diffie-hellman-group-exchange-sha1', 'diffie-hellman-group14-sha1', 'diffie-hellman-group1-sha1'] server key:['ssh-rsa', 'ecdsa-sha2-nistp256', 'ssh-ed25519'] client encrypt:['aes128-ctr', 'aes192-ctr', 'aes256-ctr', 'arcfour256', 'arcfour128', 'aes128-gcm@openssh.com', 'aes256-gcm@openssh.com', 'chacha20-poly1305@openssh.com', 'aes128-cbc', '3des-cbc', 'blowfish-cbc', 'cast128-cbc', 'aes192-cbc', 'aes256-cbc', 'arcfour', 'rijndael-cbc@lysator.liu.se'] server encrypt:['aes128-ctr', 'aes192-ctr', 'aes256-ctr', 'arcfour256', 'arcfour128', 'aes128-gcm@openssh.com', 'aes256-gcm@openssh.com', 'chacha20-poly1305@openssh.com', 'aes128-cbc', '3des-cbc', 'blowfish-cbc', 'cast128-cbc', 'aes192-cbc', 'aes256-cbc', 'arcfour', 'rijndael-cbc@lysator.liu.se'] client mac:['hmac-md5-etm@openssh.com', 'hmac-sha1-etm@openssh.com', 'umac-64-etm@openssh.com', 'umac-128-etm@openssh.com', 'hmac-sha2-256-etm@openssh.com', 'hmac-sha2-512-etm@openssh.com', 'hmac-ripemd160-etm@openssh.com', 'hmac-sha1-96-etm@openssh.com', 'hmac-md5-96-etm@openssh.com', 'hmac-md5', 'hmac-sha1', 'umac-64@openssh.com', 'umac-128@openssh.com', 'hmac-sha2-256', 'hmac-sha2-512', 'hmac-ripemd160', 'hmac-ripemd160@openssh.com', 'hmac-sha1-96', 'hmac-md5-96'] server mac:['hmac-md5-etm@openssh.com', 'hmac-sha1-etm@openssh.com', 'umac-64-etm@openssh.com', 'umac-128-etm@openssh.com', 'hmac-sha2-256-etm@openssh.com', 'hmac-sha2-512-etm@openssh.com', 'hmac-ripemd160-etm@openssh.com', 'hmac-sha1-96-etm@openssh.com', 'hmac-md5-96-etm@openssh.com', 'hmac-md5', 'hmac-sha1', 'umac-64@openssh.com', 'umac-128@openssh.com', 'hmac-sha2-256', 'hmac-sha2-512', 'hmac-ripemd160', 'hmac-ripemd160@openssh.com', 'hmac-sha1-96', 'hmac-md5-96'] client compress:['none', 'zlib@openssh.com'] server compress:['none', 'zlib@openssh.com'] client lang:[''] server lang:[''] kex follows?False
DEB [20190827-17:39:07.184] thr=1   paramiko.transport: Kex agreed: curve25519-sha256@libssh.org
DEB [20190827-17:39:07.184] thr=1   paramiko.transport: HostKey agreed: ssh-ed25519
DEB [20190827-17:39:07.185] thr=1   paramiko.transport: Cipher agreed: aes128-ctr
DEB [20190827-17:39:07.185] thr=1   paramiko.transport: MAC agreed: hmac-sha2-256
DEB [20190827-17:39:07.185] thr=1   paramiko.transport: Compression agreed: none
DEB [20190827-17:39:07.199] thr=1   paramiko.transport: kex engine KexCurve25519 specified hash_algo <built-in function openssl_sha256>
DEB [20190827-17:39:07.200] thr=1   paramiko.transport: Switch to new keys ...
DEB [20190827-17:39:07.200] thr=2   paramiko.transport: Adding ssh-ed25519 host key for 172.16.0.220: b'ed49b03584b4723770110b26a1199945'
DEB [20190827-17:39:07.201] thr=2   paramiko.transport: Trying SSH key b'448a9688bdd5609357d7f577e562f0d6'
DEB [20190827-17:39:07.239] thr=1   paramiko.transport: userauth is OK
INF [20190827-17:39:07.257] thr=1   paramiko.transport: Authentication (publickey) failed.
DEB [20190827-17:39:07.265] thr=1   paramiko.transport: EOF in transport thread
DEB [20190827-18:08:23.924] thr=1   paramiko.transport: starting thread (client mode): 0x6d6ddd8
DEB [20190827-18:08:23.924] thr=1   paramiko.transport: Local version/idstring: SSH-2.0-paramiko_2.6.0
DEB [20190827-18:08:23.932] thr=1   paramiko.transport: Remote version/idstring: SSH-2.0-OpenSSH_6.6.1
INF [20190827-18:08:23.932] thr=1   paramiko.transport: Connected (version 2.0, client OpenSSH_6.6.1)
DEB [20190827-18:08:23.935] thr=1   paramiko.transport: kex algos:['curve25519-sha256@libssh.org', 'ecdh-sha2-nistp256', 'ecdh-sha2-nistp384', 'ecdh-sha2-nistp521', 'diffie-hellman-group-exchange-sha256', 'diffie-hellman-group-exchange-sha1', 'diffie-hellman-group14-sha1', 'diffie-hellman-group1-sha1'] server key:['ssh-rsa', 'ecdsa-sha2-nistp256', 'ssh-ed25519'] client encrypt:['aes128-ctr', 'aes192-ctr', 'aes256-ctr', 'arcfour256', 'arcfour128', 'aes128-gcm@openssh.com', 'aes256-gcm@openssh.com', 'chacha20-poly1305@openssh.com', 'aes128-cbc', '3des-cbc', 'blowfish-cbc', 'cast128-cbc', 'aes192-cbc', 'aes256-cbc', 'arcfour', 'rijndael-cbc@lysator.liu.se'] server encrypt:['aes128-ctr', 'aes192-ctr', 'aes256-ctr', 'arcfour256', 'arcfour128', 'aes128-gcm@openssh.com', 'aes256-gcm@openssh.com', 'chacha20-poly1305@openssh.com', 'aes128-cbc', '3des-cbc', 'blowfish-cbc', 'cast128-cbc', 'aes192-cbc', 'aes256-cbc', 'arcfour', 'rijndael-cbc@lysator.liu.se'] client mac:['hmac-md5-etm@openssh.com', 'hmac-sha1-etm@openssh.com', 'umac-64-etm@openssh.com', 'umac-128-etm@openssh.com', 'hmac-sha2-256-etm@openssh.com', 'hmac-sha2-512-etm@openssh.com', 'hmac-ripemd160-etm@openssh.com', 'hmac-sha1-96-etm@openssh.com', 'hmac-md5-96-etm@openssh.com', 'hmac-md5', 'hmac-sha1', 'umac-64@openssh.com', 'umac-128@openssh.com', 'hmac-sha2-256', 'hmac-sha2-512', 'hmac-ripemd160', 'hmac-ripemd160@openssh.com', 'hmac-sha1-96', 'hmac-md5-96'] server mac:['hmac-md5-etm@openssh.com', 'hmac-sha1-etm@openssh.com', 'umac-64-etm@openssh.com', 'umac-128-etm@openssh.com', 'hmac-sha2-256-etm@openssh.com', 'hmac-sha2-512-etm@openssh.com', 'hmac-ripemd160-etm@openssh.com', 'hmac-sha1-96-etm@openssh.com', 'hmac-md5-96-etm@openssh.com', 'hmac-md5', 'hmac-sha1', 'umac-64@openssh.com', 'umac-128@openssh.com', 'hmac-sha2-256', 'hmac-sha2-512', 'hmac-ripemd160', 'hmac-ripemd160@openssh.com', 'hmac-sha1-96', 'hmac-md5-96'] client compress:['none', 'zlib@openssh.com'] server compress:['none', 'zlib@openssh.com'] client lang:[''] server lang:[''] kex follows?False
DEB [20190827-18:08:23.935] thr=1   paramiko.transport: Kex agreed: curve25519-sha256@libssh.org
DEB [20190827-18:08:23.935] thr=1   paramiko.transport: HostKey agreed: ssh-ed25519
DEB [20190827-18:08:23.935] thr=1   paramiko.transport: Cipher agreed: aes128-ctr
DEB [20190827-18:08:23.936] thr=1   paramiko.transport: MAC agreed: hmac-sha2-256
DEB [20190827-18:08:23.936] thr=1   paramiko.transport: Compression agreed: none
DEB [20190827-18:08:23.950] thr=1   paramiko.transport: kex engine KexCurve25519 specified hash_algo <built-in function openssl_sha256>
DEB [20190827-18:08:23.950] thr=1   paramiko.transport: Switch to new keys ...
DEB [20190827-18:08:23.951] thr=2   paramiko.transport: Adding ssh-ed25519 host key for 172.16.0.221: b'd7b66cf485ec05340c8d32459de4180d'
DEB [20190827-18:08:23.952] thr=2   paramiko.transport: Trying SSH key b'0ad6b054f28b766c5a337712a1ec609c'
DEB [20190827-18:08:23.990] thr=1   paramiko.transport: userauth is OK
INF [20190827-18:08:24.007] thr=1   paramiko.transport: Authentication (publickey) failed.
DEB [20190827-18:08:24.014] thr=1   paramiko.transport: EOF in transport thread
DEB [20190827-18:11:11.114] thr=1   paramiko.transport: starting thread (client mode): 0xf199ecf8
DEB [20190827-18:11:11.114] thr=1   paramiko.transport: Local version/idstring: SSH-2.0-paramiko_2.6.0
DEB [20190827-18:11:11.126] thr=1   paramiko.transport: Remote version/idstring: SSH-2.0-OpenSSH_6.6.1
INF [20190827-18:11:11.127] thr=1   paramiko.transport: Connected (version 2.0, client OpenSSH_6.6.1)
DEB [20190827-18:11:11.129] thr=1   paramiko.transport: kex algos:['curve25519-sha256@libssh.org', 'ecdh-sha2-nistp256', 'ecdh-sha2-nistp384', 'ecdh-sha2-nistp521', 'diffie-hellman-group-exchange-sha256', 'diffie-hellman-group-exchange-sha1', 'diffie-hellman-group14-sha1', 'diffie-hellman-group1-sha1'] server key:['ssh-rsa', 'ecdsa-sha2-nistp256', 'ssh-ed25519'] client encrypt:['aes128-ctr', 'aes192-ctr', 'aes256-ctr', 'arcfour256', 'arcfour128', 'aes128-gcm@openssh.com', 'aes256-gcm@openssh.com', 'chacha20-poly1305@openssh.com', 'aes128-cbc', '3des-cbc', 'blowfish-cbc', 'cast128-cbc', 'aes192-cbc', 'aes256-cbc', 'arcfour', 'rijndael-cbc@lysator.liu.se'] server encrypt:['aes128-ctr', 'aes192-ctr', 'aes256-ctr', 'arcfour256', 'arcfour128', 'aes128-gcm@openssh.com', 'aes256-gcm@openssh.com', 'chacha20-poly1305@openssh.com', 'aes128-cbc', '3des-cbc', 'blowfish-cbc', 'cast128-cbc', 'aes192-cbc', 'aes256-cbc', 'arcfour', 'rijndael-cbc@lysator.liu.se'] client mac:['hmac-md5-etm@openssh.com', 'hmac-sha1-etm@openssh.com', 'umac-64-etm@openssh.com', 'umac-128-etm@openssh.com', 'hmac-sha2-256-etm@openssh.com', 'hmac-sha2-512-etm@openssh.com', 'hmac-ripemd160-etm@openssh.com', 'hmac-sha1-96-etm@openssh.com', 'hmac-md5-96-etm@openssh.com', 'hmac-md5', 'hmac-sha1', 'umac-64@openssh.com', 'umac-128@openssh.com', 'hmac-sha2-256', 'hmac-sha2-512', 'hmac-ripemd160', 'hmac-ripemd160@openssh.com', 'hmac-sha1-96', 'hmac-md5-96'] server mac:['hmac-md5-etm@openssh.com', 'hmac-sha1-etm@openssh.com', 'umac-64-etm@openssh.com', 'umac-128-etm@openssh.com', 'hmac-sha2-256-etm@openssh.com', 'hmac-sha2-512-etm@openssh.com', 'hmac-ripemd160-etm@openssh.com', 'hmac-sha1-96-etm@openssh.com', 'hmac-md5-96-etm@openssh.com', 'hmac-md5', 'hmac-sha1', 'umac-64@openssh.com', 'umac-128@openssh.com', 'hmac-sha2-256', 'hmac-sha2-512', 'hmac-ripemd160', 'hmac-ripemd160@openssh.com', 'hmac-sha1-96', 'hmac-md5-96'] client compress:['none', 'zlib@openssh.com'] server compress:['none', 'zlib@openssh.com'] client lang:[''] server lang:[''] kex follows?False
DEB [20190827-18:11:11.129] thr=1   paramiko.transport: Kex agreed: curve25519-sha256@libssh.org
DEB [20190827-18:11:11.129] thr=1   paramiko.transport: HostKey agreed: ssh-ed25519
DEB [20190827-18:11:11.129] thr=1   paramiko.transport: Cipher agreed: aes128-ctr
DEB [20190827-18:11:11.129] thr=1   paramiko.transport: MAC agreed: hmac-sha2-256
DEB [20190827-18:11:11.129] thr=1   paramiko.transport: Compression agreed: none
DEB [20190827-18:11:11.143] thr=1   paramiko.transport: kex engine KexCurve25519 specified hash_algo <built-in function openssl_sha256>
DEB [20190827-18:11:11.143] thr=1   paramiko.transport: Switch to new keys ...
DEB [20190827-18:11:11.144] thr=2   paramiko.transport: Adding ssh-ed25519 host key for 172.16.0.221: b'd7b66cf485ec05340c8d32459de4180d'
DEB [20190827-18:11:11.144] thr=2   paramiko.transport: Trying SSH key b'0ad6b054f28b766c5a337712a1ec609c'
DEB [20190827-18:11:11.183] thr=1   paramiko.transport: userauth is OK
INF [20190827-18:11:11.198] thr=1   paramiko.transport: Authentication (publickey) failed.
DEB [20190827-18:11:11.205] thr=1   paramiko.transport: EOF in transport thread
DEB [20190827-18:24:26.331] thr=1   paramiko.transport: starting thread (client mode): 0x8585ed30
DEB [20190827-18:24:26.350] thr=1   paramiko.transport: Local version/idstring: SSH-2.0-paramiko_2.6.0
DEB [20190827-18:24:26.350] thr=1   paramiko.transport: Remote version/idstring: SSH-2.0-OpenSSH_6.6.1
INF [20190827-18:24:26.350] thr=1   paramiko.transport: Connected (version 2.0, client OpenSSH_6.6.1)
DEB [20190827-18:24:26.353] thr=1   paramiko.transport: kex algos:['curve25519-sha256@libssh.org', 'ecdh-sha2-nistp256', 'ecdh-sha2-nistp384', 'ecdh-sha2-nistp521', 'diffie-hellman-group-exchange-sha256', 'diffie-hellman-group-exchange-sha1', 'diffie-hellman-group14-sha1', 'diffie-hellman-group1-sha1'] server key:['ssh-rsa', 'ecdsa-sha2-nistp256', 'ssh-ed25519'] client encrypt:['aes128-ctr', 'aes192-ctr', 'aes256-ctr', 'arcfour256', 'arcfour128', 'aes128-gcm@openssh.com', 'aes256-gcm@openssh.com', 'chacha20-poly1305@openssh.com', 'aes128-cbc', '3des-cbc', 'blowfish-cbc', 'cast128-cbc', 'aes192-cbc', 'aes256-cbc', 'arcfour', 'rijndael-cbc@lysator.liu.se'] server encrypt:['aes128-ctr', 'aes192-ctr', 'aes256-ctr', 'arcfour256', 'arcfour128', 'aes128-gcm@openssh.com', 'aes256-gcm@openssh.com', 'chacha20-poly1305@openssh.com', 'aes128-cbc', '3des-cbc', 'blowfish-cbc', 'cast128-cbc', 'aes192-cbc', 'aes256-cbc', 'arcfour', 'rijndael-cbc@lysator.liu.se'] client mac:['hmac-md5-etm@openssh.com', 'hmac-sha1-etm@openssh.com', 'umac-64-etm@openssh.com', 'umac-128-etm@openssh.com', 'hmac-sha2-256-etm@openssh.com', 'hmac-sha2-512-etm@openssh.com', 'hmac-ripemd160-etm@openssh.com', 'hmac-sha1-96-etm@openssh.com', 'hmac-md5-96-etm@openssh.com', 'hmac-md5', 'hmac-sha1', 'umac-64@openssh.com', 'umac-128@openssh.com', 'hmac-sha2-256', 'hmac-sha2-512', 'hmac-ripemd160', 'hmac-ripemd160@openssh.com', 'hmac-sha1-96', 'hmac-md5-96'] server mac:['hmac-md5-etm@openssh.com', 'hmac-sha1-etm@openssh.com', 'umac-64-etm@openssh.com', 'umac-128-etm@openssh.com', 'hmac-sha2-256-etm@openssh.com', 'hmac-sha2-512-etm@openssh.com', 'hmac-ripemd160-etm@openssh.com', 'hmac-sha1-96-etm@openssh.com', 'hmac-md5-96-etm@openssh.com', 'hmac-md5', 'hmac-sha1', 'umac-64@openssh.com', 'umac-128@openssh.com', 'hmac-sha2-256', 'hmac-sha2-512', 'hmac-ripemd160', 'hmac-ripemd160@openssh.com', 'hmac-sha1-96', 'hmac-md5-96'] client compress:['none', 'zlib@openssh.com'] server compress:['none', 'zlib@openssh.com'] client lang:[''] server lang:[''] kex follows?False
DEB [20190827-18:24:26.353] thr=1   paramiko.transport: Kex agreed: curve25519-sha256@libssh.org
DEB [20190827-18:24:26.353] thr=1   paramiko.transport: HostKey agreed: ssh-ed25519
DEB [20190827-18:24:26.353] thr=1   paramiko.transport: Cipher agreed: aes128-ctr
DEB [20190827-18:24:26.354] thr=1   paramiko.transport: MAC agreed: hmac-sha2-256
DEB [20190827-18:24:26.354] thr=1   paramiko.transport: Compression agreed: none
DEB [20190827-18:24:26.369] thr=1   paramiko.transport: kex engine KexCurve25519 specified hash_algo <built-in function openssl_sha256>
DEB [20190827-18:24:26.369] thr=1   paramiko.transport: Switch to new keys ...
DEB [20190827-18:24:26.370] thr=2   paramiko.transport: Adding ssh-ed25519 host key for 172.16.0.221: b'd7b66cf485ec05340c8d32459de4180d'
DEB [20190827-18:24:26.371] thr=2   paramiko.transport: Trying SSH key b'448a9688bdd5609357d7f577e562f0d6'
DEB [20190827-18:24:26.409] thr=1   paramiko.transport: userauth is OK
INF [20190827-18:24:26.427] thr=1   paramiko.transport: Authentication (publickey) failed.
DEB [20190827-18:24:26.433] thr=1   paramiko.transport: EOF in transport thread
DEB [20190827-18:27:17.781] thr=1   paramiko.transport: starting thread (client mode): 0x93d7ddd8
DEB [20190827-18:27:17.781] thr=1   paramiko.transport: Local version/idstring: SSH-2.0-paramiko_2.6.0
DEB [20190827-18:27:17.782] thr=1   paramiko.transport: Remote version/idstring: SSH-2.0-OpenSSH_6.6.1
INF [20190827-18:27:17.782] thr=1   paramiko.transport: Connected (version 2.0, client OpenSSH_6.6.1)
DEB [20190827-18:27:17.813] thr=1   paramiko.transport: kex algos:['curve25519-sha256@libssh.org', 'ecdh-sha2-nistp256', 'ecdh-sha2-nistp384', 'ecdh-sha2-nistp521', 'diffie-hellman-group-exchange-sha256', 'diffie-hellman-group-exchange-sha1', 'diffie-hellman-group14-sha1', 'diffie-hellman-group1-sha1'] server key:['ssh-rsa', 'ecdsa-sha2-nistp256', 'ssh-ed25519'] client encrypt:['aes128-ctr', 'aes192-ctr', 'aes256-ctr', 'arcfour256', 'arcfour128', 'aes128-gcm@openssh.com', 'aes256-gcm@openssh.com', 'chacha20-poly1305@openssh.com', 'aes128-cbc', '3des-cbc', 'blowfish-cbc', 'cast128-cbc', 'aes192-cbc', 'aes256-cbc', 'arcfour', 'rijndael-cbc@lysator.liu.se'] server encrypt:['aes128-ctr', 'aes192-ctr', 'aes256-ctr', 'arcfour256', 'arcfour128', 'aes128-gcm@openssh.com', 'aes256-gcm@openssh.com', 'chacha20-poly1305@openssh.com', 'aes128-cbc', '3des-cbc', 'blowfish-cbc', 'cast128-cbc', 'aes192-cbc', 'aes256-cbc', 'arcfour', 'rijndael-cbc@lysator.liu.se'] client mac:['hmac-md5-etm@openssh.com', 'hmac-sha1-etm@openssh.com', 'umac-64-etm@openssh.com', 'umac-128-etm@openssh.com', 'hmac-sha2-256-etm@openssh.com', 'hmac-sha2-512-etm@openssh.com', 'hmac-ripemd160-etm@openssh.com', 'hmac-sha1-96-etm@openssh.com', 'hmac-md5-96-etm@openssh.com', 'hmac-md5', 'hmac-sha1', 'umac-64@openssh.com', 'umac-128@openssh.com', 'hmac-sha2-256', 'hmac-sha2-512', 'hmac-ripemd160', 'hmac-ripemd160@openssh.com', 'hmac-sha1-96', 'hmac-md5-96'] server mac:['hmac-md5-etm@openssh.com', 'hmac-sha1-etm@openssh.com', 'umac-64-etm@openssh.com', 'umac-128-etm@openssh.com', 'hmac-sha2-256-etm@openssh.com', 'hmac-sha2-512-etm@openssh.com', 'hmac-ripemd160-etm@openssh.com', 'hmac-sha1-96-etm@openssh.com', 'hmac-md5-96-etm@openssh.com', 'hmac-md5', 'hmac-sha1', 'umac-64@openssh.com', 'umac-128@openssh.com', 'hmac-sha2-256', 'hmac-sha2-512', 'hmac-ripemd160', 'hmac-ripemd160@openssh.com', 'hmac-sha1-96', 'hmac-md5-96'] client compress:['none', 'zlib@openssh.com'] server compress:['none', 'zlib@openssh.com'] client lang:[''] server lang:[''] kex follows?False
DEB [20190827-18:27:17.813] thr=1   paramiko.transport: Kex agreed: curve25519-sha256@libssh.org
DEB [20190827-18:27:17.813] thr=1   paramiko.transport: HostKey agreed: ssh-ed25519
DEB [20190827-18:27:17.813] thr=1   paramiko.transport: Cipher agreed: aes128-ctr
DEB [20190827-18:27:17.814] thr=1   paramiko.transport: MAC agreed: hmac-sha2-256
DEB [20190827-18:27:17.814] thr=1   paramiko.transport: Compression agreed: none
DEB [20190827-18:27:17.863] thr=1   paramiko.transport: kex engine KexCurve25519 specified hash_algo <built-in function openssl_sha256>
DEB [20190827-18:27:17.864] thr=1   paramiko.transport: Switch to new keys ...
DEB [20190827-18:27:17.876] thr=2   paramiko.transport: Adding ssh-ed25519 host key for 172.16.0.221: b'd7b66cf485ec05340c8d32459de4180d'
DEB [20190827-18:27:17.877] thr=2   paramiko.transport: Trying SSH key b'448a9688bdd5609357d7f577e562f0d6'
DEB [20190827-18:27:17.904] thr=1   paramiko.transport: userauth is OK
INF [20190827-18:27:17.927] thr=1   paramiko.transport: Authentication (publickey) failed.
DEB [20190827-18:27:17.944] thr=1   paramiko.transport: EOF in transport thread
DEB [20190827-19:07:58.155] thr=1   paramiko.transport: starting thread (client mode): 0x3b12ecc0
DEB [20190827-19:07:58.155] thr=1   paramiko.transport: Local version/idstring: SSH-2.0-paramiko_2.6.0
DEB [20190827-19:07:58.168] thr=1   paramiko.transport: Remote version/idstring: SSH-2.0-OpenSSH_6.6.1
INF [20190827-19:07:58.169] thr=1   paramiko.transport: Connected (version 2.0, client OpenSSH_6.6.1)
DEB [20190827-19:07:58.171] thr=1   paramiko.transport: kex algos:['curve25519-sha256@libssh.org', 'ecdh-sha2-nistp256', 'ecdh-sha2-nistp384', 'ecdh-sha2-nistp521', 'diffie-hellman-group-exchange-sha256', 'diffie-hellman-group-exchange-sha1', 'diffie-hellman-group14-sha1', 'diffie-hellman-group1-sha1'] server key:['ssh-rsa', 'ecdsa-sha2-nistp256', 'ssh-ed25519'] client encrypt:['aes128-ctr', 'aes192-ctr', 'aes256-ctr', 'arcfour256', 'arcfour128', 'aes128-gcm@openssh.com', 'aes256-gcm@openssh.com', 'chacha20-poly1305@openssh.com', 'aes128-cbc', '3des-cbc', 'blowfish-cbc', 'cast128-cbc', 'aes192-cbc', 'aes256-cbc', 'arcfour', 'rijndael-cbc@lysator.liu.se'] server encrypt:['aes128-ctr', 'aes192-ctr', 'aes256-ctr', 'arcfour256', 'arcfour128', 'aes128-gcm@openssh.com', 'aes256-gcm@openssh.com', 'chacha20-poly1305@openssh.com', 'aes128-cbc', '3des-cbc', 'blowfish-cbc', 'cast128-cbc', 'aes192-cbc', 'aes256-cbc', 'arcfour', 'rijndael-cbc@lysator.liu.se'] client mac:['hmac-md5-etm@openssh.com', 'hmac-sha1-etm@openssh.com', 'umac-64-etm@openssh.com', 'umac-128-etm@openssh.com', 'hmac-sha2-256-etm@openssh.com', 'hmac-sha2-512-etm@openssh.com', 'hmac-ripemd160-etm@openssh.com', 'hmac-sha1-96-etm@openssh.com', 'hmac-md5-96-etm@openssh.com', 'hmac-md5', 'hmac-sha1', 'umac-64@openssh.com', 'umac-128@openssh.com', 'hmac-sha2-256', 'hmac-sha2-512', 'hmac-ripemd160', 'hmac-ripemd160@openssh.com', 'hmac-sha1-96', 'hmac-md5-96'] server mac:['hmac-md5-etm@openssh.com', 'hmac-sha1-etm@openssh.com', 'umac-64-etm@openssh.com', 'umac-128-etm@openssh.com', 'hmac-sha2-256-etm@openssh.com', 'hmac-sha2-512-etm@openssh.com', 'hmac-ripemd160-etm@openssh.com', 'hmac-sha1-96-etm@openssh.com', 'hmac-md5-96-etm@openssh.com', 'hmac-md5', 'hmac-sha1', 'umac-64@openssh.com', 'umac-128@openssh.com', 'hmac-sha2-256', 'hmac-sha2-512', 'hmac-ripemd160', 'hmac-ripemd160@openssh.com', 'hmac-sha1-96', 'hmac-md5-96'] client compress:['none', 'zlib@openssh.com'] server compress:['none', 'zlib@openssh.com'] client lang:[''] server lang:[''] kex follows?False
DEB [20190827-19:07:58.171] thr=1   paramiko.transport: Kex agreed: curve25519-sha256@libssh.org
DEB [20190827-19:07:58.171] thr=1   paramiko.transport: HostKey agreed: ssh-ed25519
DEB [20190827-19:07:58.171] thr=1   paramiko.transport: Cipher agreed: aes128-ctr
DEB [20190827-19:07:58.172] thr=1   paramiko.transport: MAC agreed: hmac-sha2-256
DEB [20190827-19:07:58.172] thr=1   paramiko.transport: Compression agreed: none
DEB [20190827-19:07:58.185] thr=1   paramiko.transport: kex engine KexCurve25519 specified hash_algo <built-in function openssl_sha256>
DEB [20190827-19:07:58.186] thr=1   paramiko.transport: Switch to new keys ...
DEB [20190827-19:07:58.186] thr=2   paramiko.transport: Adding ssh-ed25519 host key for 172.16.0.221: b'd7b66cf485ec05340c8d32459de4180d'
DEB [20190827-19:07:58.187] thr=2   paramiko.transport: Trying SSH key b'deb602658e80a868943dec6800bd37d7'
DEB [20190827-19:07:58.226] thr=1   paramiko.transport: userauth is OK
INF [20190827-19:07:58.243] thr=1   paramiko.transport: Authentication (publickey) failed.
DEB [20190827-19:07:58.304] thr=1   paramiko.transport: EOF in transport thread
DEB [20190827-19:12:31.263] thr=1   paramiko.transport: starting thread (client mode): 0xe99efb38
DEB [20190827-19:12:31.263] thr=1   paramiko.transport: Local version/idstring: SSH-2.0-paramiko_2.6.0
DEB [20190827-19:12:31.277] thr=1   paramiko.transport: Remote version/idstring: SSH-2.0-OpenSSH_6.6.1
INF [20190827-19:12:31.277] thr=1   paramiko.transport: Connected (version 2.0, client OpenSSH_6.6.1)
DEB [20190827-19:12:31.279] thr=1   paramiko.transport: kex algos:['curve25519-sha256@libssh.org', 'ecdh-sha2-nistp256', 'ecdh-sha2-nistp384', 'ecdh-sha2-nistp521', 'diffie-hellman-group-exchange-sha256', 'diffie-hellman-group-exchange-sha1', 'diffie-hellman-group14-sha1', 'diffie-hellman-group1-sha1'] server key:['ssh-rsa', 'ecdsa-sha2-nistp256', 'ssh-ed25519'] client encrypt:['aes128-ctr', 'aes192-ctr', 'aes256-ctr', 'arcfour256', 'arcfour128', 'aes128-gcm@openssh.com', 'aes256-gcm@openssh.com', 'chacha20-poly1305@openssh.com', 'aes128-cbc', '3des-cbc', 'blowfish-cbc', 'cast128-cbc', 'aes192-cbc', 'aes256-cbc', 'arcfour', 'rijndael-cbc@lysator.liu.se'] server encrypt:['aes128-ctr', 'aes192-ctr', 'aes256-ctr', 'arcfour256', 'arcfour128', 'aes128-gcm@openssh.com', 'aes256-gcm@openssh.com', 'chacha20-poly1305@openssh.com', 'aes128-cbc', '3des-cbc', 'blowfish-cbc', 'cast128-cbc', 'aes192-cbc', 'aes256-cbc', 'arcfour', 'rijndael-cbc@lysator.liu.se'] client mac:['hmac-md5-etm@openssh.com', 'hmac-sha1-etm@openssh.com', 'umac-64-etm@openssh.com', 'umac-128-etm@openssh.com', 'hmac-sha2-256-etm@openssh.com', 'hmac-sha2-512-etm@openssh.com', 'hmac-ripemd160-etm@openssh.com', 'hmac-sha1-96-etm@openssh.com', 'hmac-md5-96-etm@openssh.com', 'hmac-md5', 'hmac-sha1', 'umac-64@openssh.com', 'umac-128@openssh.com', 'hmac-sha2-256', 'hmac-sha2-512', 'hmac-ripemd160', 'hmac-ripemd160@openssh.com', 'hmac-sha1-96', 'hmac-md5-96'] server mac:['hmac-md5-etm@openssh.com', 'hmac-sha1-etm@openssh.com', 'umac-64-etm@openssh.com', 'umac-128-etm@openssh.com', 'hmac-sha2-256-etm@openssh.com', 'hmac-sha2-512-etm@openssh.com', 'hmac-ripemd160-etm@openssh.com', 'hmac-sha1-96-etm@openssh.com', 'hmac-md5-96-etm@openssh.com', 'hmac-md5', 'hmac-sha1', 'umac-64@openssh.com', 'umac-128@openssh.com', 'hmac-sha2-256', 'hmac-sha2-512', 'hmac-ripemd160', 'hmac-ripemd160@openssh.com', 'hmac-sha1-96', 'hmac-md5-96'] client compress:['none', 'zlib@openssh.com'] server compress:['none', 'zlib@openssh.com'] client lang:[''] server lang:[''] kex follows?False
DEB [20190827-19:12:31.279] thr=1   paramiko.transport: Kex agreed: curve25519-sha256@libssh.org
DEB [20190827-19:12:31.279] thr=1   paramiko.transport: HostKey agreed: ssh-ed25519
DEB [20190827-19:12:31.279] thr=1   paramiko.transport: Cipher agreed: aes128-ctr
DEB [20190827-19:12:31.280] thr=1   paramiko.transport: MAC agreed: hmac-sha2-256
DEB [20190827-19:12:31.280] thr=1   paramiko.transport: Compression agreed: none
DEB [20190827-19:12:31.292] thr=1   paramiko.transport: kex engine KexCurve25519 specified hash_algo <built-in function openssl_sha256>
DEB [20190827-19:12:31.293] thr=1   paramiko.transport: Switch to new keys ...
DEB [20190827-19:12:31.293] thr=2   paramiko.transport: Adding ssh-ed25519 host key for 172.16.0.221: b'd7b66cf485ec05340c8d32459de4180d'
DEB [20190827-19:12:31.293] thr=2   paramiko.transport: Trying SSH key b'deb602658e80a868943dec6800bd37d7'
DEB [20190827-19:12:31.333] thr=1   paramiko.transport: userauth is OK
INF [20190827-19:12:31.347] thr=1   paramiko.transport: Authentication (publickey) failed.
DEB [20190827-19:12:31.351] thr=1   paramiko.transport: EOF in transport thread
DEB [20190827-19:30:18.312] thr=1   paramiko.transport: starting thread (client mode): 0x4e7b8c50
DEB [20190827-19:30:18.313] thr=1   paramiko.transport: Local version/idstring: SSH-2.0-paramiko_2.6.0
DEB [20190827-19:30:18.324] thr=1   paramiko.transport: Remote version/idstring: SSH-2.0-OpenSSH_6.6.1
INF [20190827-19:30:18.324] thr=1   paramiko.transport: Connected (version 2.0, client OpenSSH_6.6.1)
DEB [20190827-19:30:18.328] thr=1   paramiko.transport: kex algos:['curve25519-sha256@libssh.org', 'ecdh-sha2-nistp256', 'ecdh-sha2-nistp384', 'ecdh-sha2-nistp521', 'diffie-hellman-group-exchange-sha256', 'diffie-hellman-group-exchange-sha1', 'diffie-hellman-group14-sha1', 'diffie-hellman-group1-sha1'] server key:['ssh-rsa', 'ecdsa-sha2-nistp256', 'ssh-ed25519'] client encrypt:['aes128-ctr', 'aes192-ctr', 'aes256-ctr', 'arcfour256', 'arcfour128', 'aes128-gcm@openssh.com', 'aes256-gcm@openssh.com', 'chacha20-poly1305@openssh.com', 'aes128-cbc', '3des-cbc', 'blowfish-cbc', 'cast128-cbc', 'aes192-cbc', 'aes256-cbc', 'arcfour', 'rijndael-cbc@lysator.liu.se'] server encrypt:['aes128-ctr', 'aes192-ctr', 'aes256-ctr', 'arcfour256', 'arcfour128', 'aes128-gcm@openssh.com', 'aes256-gcm@openssh.com', 'chacha20-poly1305@openssh.com', 'aes128-cbc', '3des-cbc', 'blowfish-cbc', 'cast128-cbc', 'aes192-cbc', 'aes256-cbc', 'arcfour', 'rijndael-cbc@lysator.liu.se'] client mac:['hmac-md5-etm@openssh.com', 'hmac-sha1-etm@openssh.com', 'umac-64-etm@openssh.com', 'umac-128-etm@openssh.com', 'hmac-sha2-256-etm@openssh.com', 'hmac-sha2-512-etm@openssh.com', 'hmac-ripemd160-etm@openssh.com', 'hmac-sha1-96-etm@openssh.com', 'hmac-md5-96-etm@openssh.com', 'hmac-md5', 'hmac-sha1', 'umac-64@openssh.com', 'umac-128@openssh.com', 'hmac-sha2-256', 'hmac-sha2-512', 'hmac-ripemd160', 'hmac-ripemd160@openssh.com', 'hmac-sha1-96', 'hmac-md5-96'] server mac:['hmac-md5-etm@openssh.com', 'hmac-sha1-etm@openssh.com', 'umac-64-etm@openssh.com', 'umac-128-etm@openssh.com', 'hmac-sha2-256-etm@openssh.com', 'hmac-sha2-512-etm@openssh.com', 'hmac-ripemd160-etm@openssh.com', 'hmac-sha1-96-etm@openssh.com', 'hmac-md5-96-etm@openssh.com', 'hmac-md5', 'hmac-sha1', 'umac-64@openssh.com', 'umac-128@openssh.com', 'hmac-sha2-256', 'hmac-sha2-512', 'hmac-ripemd160', 'hmac-ripemd160@openssh.com', 'hmac-sha1-96', 'hmac-md5-96'] client compress:['none', 'zlib@openssh.com'] server compress:['none', 'zlib@openssh.com'] client lang:[''] server lang:[''] kex follows?False
DEB [20190827-19:30:18.328] thr=1   paramiko.transport: Kex agreed: curve25519-sha256@libssh.org
DEB [20190827-19:30:18.328] thr=1   paramiko.transport: HostKey agreed: ssh-ed25519
DEB [20190827-19:30:18.328] thr=1   paramiko.transport: Cipher agreed: aes128-ctr
DEB [20190827-19:30:18.329] thr=1   paramiko.transport: MAC agreed: hmac-sha2-256
DEB [20190827-19:30:18.329] thr=1   paramiko.transport: Compression agreed: none
DEB [20190827-19:30:18.379] thr=1   paramiko.transport: kex engine KexCurve25519 specified hash_algo <built-in function openssl_sha256>
DEB [20190827-19:30:18.380] thr=1   paramiko.transport: Switch to new keys ...
DEB [20190827-19:30:18.380] thr=2   paramiko.transport: Adding ssh-ed25519 host key for 172.16.0.221: b'd7b66cf485ec05340c8d32459de4180d'
DEB [20190827-19:30:18.381] thr=2   paramiko.transport: Trying SSH key b'deb602658e80a868943dec6800bd37d7'
DEB [20190827-19:30:18.419] thr=1   paramiko.transport: userauth is OK
INF [20190827-19:30:18.434] thr=1   paramiko.transport: Authentication (publickey) failed.
DEB [20190827-19:30:18.453] thr=1   paramiko.transport: EOF in transport thread
DEB [20190828-10:14:47.486] thr=1   paramiko.transport: starting thread (client mode): 0x318ded68
DEB [20190828-10:14:47.486] thr=1   paramiko.transport: Local version/idstring: SSH-2.0-paramiko_2.6.0
DEB [20190828-10:14:47.498] thr=1   paramiko.transport: Remote version/idstring: SSH-2.0-OpenSSH_6.6.1
INF [20190828-10:14:47.498] thr=1   paramiko.transport: Connected (version 2.0, client OpenSSH_6.6.1)
DEB [20190828-10:14:47.500] thr=1   paramiko.transport: kex algos:['curve25519-sha256@libssh.org', 'ecdh-sha2-nistp256', 'ecdh-sha2-nistp384', 'ecdh-sha2-nistp521', 'diffie-hellman-group-exchange-sha256', 'diffie-hellman-group-exchange-sha1', 'diffie-hellman-group14-sha1', 'diffie-hellman-group1-sha1'] server key:['ssh-rsa', 'ecdsa-sha2-nistp256', 'ssh-ed25519'] client encrypt:['aes128-ctr', 'aes192-ctr', 'aes256-ctr', 'arcfour256', 'arcfour128', 'aes128-gcm@openssh.com', 'aes256-gcm@openssh.com', 'chacha20-poly1305@openssh.com', 'aes128-cbc', '3des-cbc', 'blowfish-cbc', 'cast128-cbc', 'aes192-cbc', 'aes256-cbc', 'arcfour', 'rijndael-cbc@lysator.liu.se'] server encrypt:['aes128-ctr', 'aes192-ctr', 'aes256-ctr', 'arcfour256', 'arcfour128', 'aes128-gcm@openssh.com', 'aes256-gcm@openssh.com', 'chacha20-poly1305@openssh.com', 'aes128-cbc', '3des-cbc', 'blowfish-cbc', 'cast128-cbc', 'aes192-cbc', 'aes256-cbc', 'arcfour', 'rijndael-cbc@lysator.liu.se'] client mac:['hmac-md5-etm@openssh.com', 'hmac-sha1-etm@openssh.com', 'umac-64-etm@openssh.com', 'umac-128-etm@openssh.com', 'hmac-sha2-256-etm@openssh.com', 'hmac-sha2-512-etm@openssh.com', 'hmac-ripemd160-etm@openssh.com', 'hmac-sha1-96-etm@openssh.com', 'hmac-md5-96-etm@openssh.com', 'hmac-md5', 'hmac-sha1', 'umac-64@openssh.com', 'umac-128@openssh.com', 'hmac-sha2-256', 'hmac-sha2-512', 'hmac-ripemd160', 'hmac-ripemd160@openssh.com', 'hmac-sha1-96', 'hmac-md5-96'] server mac:['hmac-md5-etm@openssh.com', 'hmac-sha1-etm@openssh.com', 'umac-64-etm@openssh.com', 'umac-128-etm@openssh.com', 'hmac-sha2-256-etm@openssh.com', 'hmac-sha2-512-etm@openssh.com', 'hmac-ripemd160-etm@openssh.com', 'hmac-sha1-96-etm@openssh.com', 'hmac-md5-96-etm@openssh.com', 'hmac-md5', 'hmac-sha1', 'umac-64@openssh.com', 'umac-128@openssh.com', 'hmac-sha2-256', 'hmac-sha2-512', 'hmac-ripemd160', 'hmac-ripemd160@openssh.com', 'hmac-sha1-96', 'hmac-md5-96'] client compress:['none', 'zlib@openssh.com'] server compress:['none', 'zlib@openssh.com'] client lang:[''] server lang:[''] kex follows?False
DEB [20190828-10:14:47.500] thr=1   paramiko.transport: Kex agreed: curve25519-sha256@libssh.org
DEB [20190828-10:14:47.500] thr=1   paramiko.transport: HostKey agreed: ssh-ed25519
DEB [20190828-10:14:47.500] thr=1   paramiko.transport: Cipher agreed: aes128-ctr
DEB [20190828-10:14:47.500] thr=1   paramiko.transport: MAC agreed: hmac-sha2-256
DEB [20190828-10:14:47.500] thr=1   paramiko.transport: Compression agreed: none
DEB [20190828-10:14:47.515] thr=1   paramiko.transport: kex engine KexCurve25519 specified hash_algo <built-in function openssl_sha256>
DEB [20190828-10:14:47.515] thr=1   paramiko.transport: Switch to new keys ...
DEB [20190828-10:14:47.515] thr=2   paramiko.transport: Adding ssh-ed25519 host key for 172.16.0.221: b'd7b66cf485ec05340c8d32459de4180d'
DEB [20190828-10:14:47.516] thr=2   paramiko.transport: Trying SSH key b'deb602658e80a868943dec6800bd37d7'
DEB [20190828-10:14:47.556] thr=1   paramiko.transport: userauth is OK
INF [20190828-10:14:47.583] thr=1   paramiko.transport: Authentication (publickey) failed.
DEB [20190828-10:14:47.614] thr=1   paramiko.transport: EOF in transport thread
DEB [20190828-12:07:08.166] thr=1   paramiko.transport: starting thread (client mode): 0x4bbec50
DEB [20190828-12:07:08.167] thr=1   paramiko.transport: Local version/idstring: SSH-2.0-paramiko_2.6.0
DEB [20190828-12:07:08.179] thr=1   paramiko.transport: Remote version/idstring: SSH-2.0-OpenSSH_6.6.1
INF [20190828-12:07:08.180] thr=1   paramiko.transport: Connected (version 2.0, client OpenSSH_6.6.1)
DEB [20190828-12:07:08.182] thr=1   paramiko.transport: kex algos:['curve25519-sha256@libssh.org', 'ecdh-sha2-nistp256', 'ecdh-sha2-nistp384', 'ecdh-sha2-nistp521', 'diffie-hellman-group-exchange-sha256', 'diffie-hellman-group-exchange-sha1', 'diffie-hellman-group14-sha1', 'diffie-hellman-group1-sha1'] server key:['ssh-rsa', 'ecdsa-sha2-nistp256', 'ssh-ed25519'] client encrypt:['aes128-ctr', 'aes192-ctr', 'aes256-ctr', 'arcfour256', 'arcfour128', 'aes128-gcm@openssh.com', 'aes256-gcm@openssh.com', 'chacha20-poly1305@openssh.com', 'aes128-cbc', '3des-cbc', 'blowfish-cbc', 'cast128-cbc', 'aes192-cbc', 'aes256-cbc', 'arcfour', 'rijndael-cbc@lysator.liu.se'] server encrypt:['aes128-ctr', 'aes192-ctr', 'aes256-ctr', 'arcfour256', 'arcfour128', 'aes128-gcm@openssh.com', 'aes256-gcm@openssh.com', 'chacha20-poly1305@openssh.com', 'aes128-cbc', '3des-cbc', 'blowfish-cbc', 'cast128-cbc', 'aes192-cbc', 'aes256-cbc', 'arcfour', 'rijndael-cbc@lysator.liu.se'] client mac:['hmac-md5-etm@openssh.com', 'hmac-sha1-etm@openssh.com', 'umac-64-etm@openssh.com', 'umac-128-etm@openssh.com', 'hmac-sha2-256-etm@openssh.com', 'hmac-sha2-512-etm@openssh.com', 'hmac-ripemd160-etm@openssh.com', 'hmac-sha1-96-etm@openssh.com', 'hmac-md5-96-etm@openssh.com', 'hmac-md5', 'hmac-sha1', 'umac-64@openssh.com', 'umac-128@openssh.com', 'hmac-sha2-256', 'hmac-sha2-512', 'hmac-ripemd160', 'hmac-ripemd160@openssh.com', 'hmac-sha1-96', 'hmac-md5-96'] server mac:['hmac-md5-etm@openssh.com', 'hmac-sha1-etm@openssh.com', 'umac-64-etm@openssh.com', 'umac-128-etm@openssh.com', 'hmac-sha2-256-etm@openssh.com', 'hmac-sha2-512-etm@openssh.com', 'hmac-ripemd160-etm@openssh.com', 'hmac-sha1-96-etm@openssh.com', 'hmac-md5-96-etm@openssh.com', 'hmac-md5', 'hmac-sha1', 'umac-64@openssh.com', 'umac-128@openssh.com', 'hmac-sha2-256', 'hmac-sha2-512', 'hmac-ripemd160', 'hmac-ripemd160@openssh.com', 'hmac-sha1-96', 'hmac-md5-96'] client compress:['none', 'zlib@openssh.com'] server compress:['none', 'zlib@openssh.com'] client lang:[''] server lang:[''] kex follows?False
DEB [20190828-12:07:08.182] thr=1   paramiko.transport: Kex agreed: curve25519-sha256@libssh.org
DEB [20190828-12:07:08.182] thr=1   paramiko.transport: HostKey agreed: ssh-ed25519
DEB [20190828-12:07:08.182] thr=1   paramiko.transport: Cipher agreed: aes128-ctr
DEB [20190828-12:07:08.182] thr=1   paramiko.transport: MAC agreed: hmac-sha2-256
DEB [20190828-12:07:08.182] thr=1   paramiko.transport: Compression agreed: none
DEB [20190828-12:07:08.198] thr=1   paramiko.transport: kex engine KexCurve25519 specified hash_algo <built-in function openssl_sha256>
DEB [20190828-12:07:08.199] thr=1   paramiko.transport: Switch to new keys ...
DEB [20190828-12:07:08.199] thr=2   paramiko.transport: Adding ssh-ed25519 host key for 172.16.0.221: b'd7b66cf485ec05340c8d32459de4180d'
DEB [20190828-12:07:08.199] thr=2   paramiko.transport: Trying SSH key b'deb602658e80a868943dec6800bd37d7'
DEB [20190828-12:07:08.240] thr=1   paramiko.transport: userauth is OK
INF [20190828-12:07:08.276] thr=1   paramiko.transport: Authentication (publickey) successful!
DEB [20190828-12:07:08.277] thr=2   paramiko.transport: [chan 0] Max packet in: 32768 bytes
DEB [20190828-12:07:08.284] thr=1   paramiko.transport: [chan 0] Max packet out: 32768 bytes
DEB [20190828-12:07:08.285] thr=1   paramiko.transport: Secsh channel 0 opened.
DEB [20190828-12:07:08.288] thr=1   paramiko.transport: [chan 0] Sesch channel 0 request ok
DEB [20190828-12:07:08.305] thr=1   paramiko.transport: [chan 0] EOF received (0)
DEB [20190828-12:07:08.306] thr=1   paramiko.transport: [chan 0] EOF sent (0)
DEB [20190828-12:07:08.307] thr=2   paramiko.transport: [chan 1] Max packet in: 32768 bytes
DEB [20190828-12:07:08.349] thr=1   paramiko.transport: [chan 1] Max packet out: 32768 bytes
DEB [20190828-12:07:08.349] thr=1   paramiko.transport: Secsh channel 1 opened.
DEB [20190828-12:07:08.353] thr=1   paramiko.transport: [chan 1] Sesch channel 1 request ok
DEB [20190828-12:07:08.371] thr=1   paramiko.transport: [chan 1] EOF received (1)
DEB [20190828-12:07:08.371] thr=1   paramiko.transport: EOF in transport thread
DEB [20190828-12:07:08.380] thr=2   paramiko.transport: [chan 1] EOF sent (1)
DEB [20190828-12:07:08.381] thr=2   paramiko.transport: Dropping user packet because connection is dead.
DEB [20190830-17:31:53.661] thr=1   paramiko.transport: starting thread (client mode): 0x38cdec50
DEB [20190830-17:31:53.741] thr=1   paramiko.transport: Local version/idstring: SSH-2.0-paramiko_2.6.0
DEB [20190830-17:31:53.741] thr=1   paramiko.transport: Remote version/idstring: SSH-2.0-OpenSSH_6.6.1
INF [20190830-17:31:53.741] thr=1   paramiko.transport: Connected (version 2.0, client OpenSSH_6.6.1)
DEB [20190830-17:31:53.744] thr=1   paramiko.transport: kex algos:['curve25519-sha256@libssh.org', 'ecdh-sha2-nistp256', 'ecdh-sha2-nistp384', 'ecdh-sha2-nistp521', 'diffie-hellman-group-exchange-sha256', 'diffie-hellman-group-exchange-sha1', 'diffie-hellman-group14-sha1', 'diffie-hellman-group1-sha1'] server key:['ssh-rsa', 'ecdsa-sha2-nistp256', 'ssh-ed25519'] client encrypt:['aes128-ctr', 'aes192-ctr', 'aes256-ctr', 'arcfour256', 'arcfour128', 'aes128-gcm@openssh.com', 'aes256-gcm@openssh.com', 'chacha20-poly1305@openssh.com', 'aes128-cbc', '3des-cbc', 'blowfish-cbc', 'cast128-cbc', 'aes192-cbc', 'aes256-cbc', 'arcfour', 'rijndael-cbc@lysator.liu.se'] server encrypt:['aes128-ctr', 'aes192-ctr', 'aes256-ctr', 'arcfour256', 'arcfour128', 'aes128-gcm@openssh.com', 'aes256-gcm@openssh.com', 'chacha20-poly1305@openssh.com', 'aes128-cbc', '3des-cbc', 'blowfish-cbc', 'cast128-cbc', 'aes192-cbc', 'aes256-cbc', 'arcfour', 'rijndael-cbc@lysator.liu.se'] client mac:['hmac-md5-etm@openssh.com', 'hmac-sha1-etm@openssh.com', 'umac-64-etm@openssh.com', 'umac-128-etm@openssh.com', 'hmac-sha2-256-etm@openssh.com', 'hmac-sha2-512-etm@openssh.com', 'hmac-ripemd160-etm@openssh.com', 'hmac-sha1-96-etm@openssh.com', 'hmac-md5-96-etm@openssh.com', 'hmac-md5', 'hmac-sha1', 'umac-64@openssh.com', 'umac-128@openssh.com', 'hmac-sha2-256', 'hmac-sha2-512', 'hmac-ripemd160', 'hmac-ripemd160@openssh.com', 'hmac-sha1-96', 'hmac-md5-96'] server mac:['hmac-md5-etm@openssh.com', 'hmac-sha1-etm@openssh.com', 'umac-64-etm@openssh.com', 'umac-128-etm@openssh.com', 'hmac-sha2-256-etm@openssh.com', 'hmac-sha2-512-etm@openssh.com', 'hmac-ripemd160-etm@openssh.com', 'hmac-sha1-96-etm@openssh.com', 'hmac-md5-96-etm@openssh.com', 'hmac-md5', 'hmac-sha1', 'umac-64@openssh.com', 'umac-128@openssh.com', 'hmac-sha2-256', 'hmac-sha2-512', 'hmac-ripemd160', 'hmac-ripemd160@openssh.com', 'hmac-sha1-96', 'hmac-md5-96'] client compress:['none', 'zlib@openssh.com'] server compress:['none', 'zlib@openssh.com'] client lang:[''] server lang:[''] kex follows?False
DEB [20190830-17:31:53.744] thr=1   paramiko.transport: Kex agreed: curve25519-sha256@libssh.org
DEB [20190830-17:31:53.744] thr=1   paramiko.transport: HostKey agreed: ssh-ed25519
DEB [20190830-17:31:53.745] thr=1   paramiko.transport: Cipher agreed: aes128-ctr
DEB [20190830-17:31:53.745] thr=1   paramiko.transport: MAC agreed: hmac-sha2-256
DEB [20190830-17:31:53.745] thr=1   paramiko.transport: Compression agreed: none
DEB [20190830-17:31:53.759] thr=1   paramiko.transport: kex engine KexCurve25519 specified hash_algo <built-in function openssl_sha256>
DEB [20190830-17:31:53.760] thr=1   paramiko.transport: Switch to new keys ...
DEB [20190830-17:31:53.760] thr=2   paramiko.transport: Adding ssh-ed25519 host key for 172.16.0.221: b'd7b66cf485ec05340c8d32459de4180d'
DEB [20190830-17:31:53.802] thr=2   paramiko.transport: Trying SSH key b'deb602658e80a868943dec6800bd37d7'
DEB [20190830-17:31:53.803] thr=1   paramiko.transport: userauth is OK
INF [20190830-17:31:53.883] thr=1   paramiko.transport: Authentication (publickey) successful!
DEB [20190830-17:31:53.884] thr=2   paramiko.transport: [chan 0] Max packet in: 32768 bytes
DEB [20190830-17:31:53.894] thr=1   paramiko.transport: [chan 0] Max packet out: 32768 bytes
DEB [20190830-17:31:53.894] thr=1   paramiko.transport: Secsh channel 0 opened.
DEB [20190830-17:31:53.896] thr=1   paramiko.transport: [chan 0] Sesch channel 0 request ok
DEB [20190830-17:31:53.913] thr=1   paramiko.transport: [chan 0] EOF received (0)
DEB [20190830-17:31:53.913] thr=2   paramiko.transport: [chan 1] Max packet in: 32768 bytes
DEB [20190830-17:31:53.914] thr=1   paramiko.transport: [chan 0] EOF sent (0)
DEB [20190830-17:31:53.914] thr=1   paramiko.transport: [chan 1] Max packet out: 32768 bytes
DEB [20190830-17:31:53.914] thr=1   paramiko.transport: Secsh channel 1 opened.
DEB [20190830-17:31:53.956] thr=1   paramiko.transport: [chan 1] Sesch channel 1 request ok
DEB [20190830-17:31:53.975] thr=1   paramiko.transport: [chan 1] EOF received (1)
DEB [20190830-17:31:53.976] thr=1   paramiko.transport: [chan 1] EOF sent (1)
DEB [20190830-17:31:53.976] thr=1   paramiko.transport: EOF in transport thread
